Namespace(add_fc_layer='True', ckpt_path='', data_dir='data/', do_eval=False, do_train=True, do_validation=True, dropout=0.1, emb_size_for_cosine=1024, eval_batch_size=16, eval_input_dir='data/wic/test', eval_output_dir='best_eval_test_predictions', eval_per_epoch=4, gradient_accumulation_steps=64, learning_rate=1e-05, local_config_path='./local_config.json', log_train_metrics=False, loss='cosine_similarity', lr_scheduler='linear_warmup', mask_syns=False, max_grad_norm=1.0, max_seq_len=256, model_name='xlm-roberta-base', num_train_epochs=21, output_dir='./log_dir4', pool_type='first', save_by_score='accuracy.dev.en-en.score', seed=2021, start_save_threshold=0.3, symmetric='true', target_embeddings='concat', train_batch_size=64, train_mode='random_sorted', train_scd=False, use_cuda='true', warmup_proportion=0.05, weight_decay=0.1)
{
    "do_train": true,
    "do_validation": true,
    "do_eval": false,
    "use_cuda": true,
    "seed": 2021,
    "num_train_epochs": 21,
    "eval_batch_size": 16,
    "max_seq_len": 256,
    "syns": [
        "Target",
        "Synonym"
    ],
    "target_embeddings": "concat",
    "symmetric": true,
    "mask_syns": false,
    "pos_ncls": 4,
    "pos_classes": [
        "adj",
        "adv",
        "noun",
        "verb"
    ],
    "train_pos": true,
    "loss": "cosine_similarity",
    "data_dir": "data/",
    "train_batch_size": 1,
    "gradient_accumulation_steps": 64,
    "lr_scheduler": "linear_warmup",
    "model_name": "xlm-roberta-base",
    "pool_type": "first",
    "train_scd": false,
    "ckpt_path": "",
    "emb_size_for_cosine": 1024,
    "add_fc_layer": "True"
}
device: cuda, n_gpu: 1
Writing example 0 of 21736
*** Example ***
subtokens: <s> ▁ 该 项目 也 设 法 设计 一个 算法 , 把 用 同步 线路 组 写 成 的 规 格 转变 成为 要 证明 的 一套 原理 , 从 中 可以 提 取 电脑 ▁ 程序 ▁ , 在 自动 机 、 大地 测量 和 空中 勘 查 领域 里 提供 令人 感兴趣 的应用 。 </s> ▁ 特别 报告 员 请 该 国 政府 就 审判 ▁ 程序 ▁ 以及 司法 方面的 进一步 动态 向 他 提供 补充 资料 。 </s>
input_ids: 0 6 4941 6806 886 49131 2150 10736 1860 147916 4 2346 1173 101340 156355 14196 9449 2803 43 42709 6347 97973 8315 1050 43012 43 56971 99907 4 1965 514 1441 9744 5226 45974 6 23136 6 4 213 67296 5312 37 137115 182720 264 109322 108840 9258 17010 2008 2212 18072 123701 144454 30 2 6 21532 15885 13052 9736 4941 3024 4016 887 185374 6 23136 6 2961 58233 41309 18317 139147 2110 852 2212 110375 31968 30 2 1 1 1 1 1 1 1 1 1 1 1 1 1 1 1 1 1 1 1 1 1 1 1 1 1 1 1 1 1 1 1 1 1 1 1 1 1 1 1 1 1 1 1 1 1 1 1 1 1 1 1 1 1 1 1 1 1 1 1 1 1 1 1 1 1 1 1 1 1 1 1 1 1 1 1 1 1 1 1 1 1 1 1 1 1 1 1 1 1 1 1 1 1 1 1 1 1 1 1 1 1 1 1 1 1 1 1 1 1 1 1 1 1 1 1 1 1 1 1 1 1 1 1 1 1 1 1 1 1 1 1 1 1 1 1 1 1 1 1 1 1 1 1 1 1 1 1 1 1 1 1 1 1 1 1 1 1 1 1 1 1 1 1 1 1 1 1 1 1 1 1 1 1 1
input_mask: 1 1 1 1 1 1 1 1 1 1 1 1 1 1 1 1 1 1 1 1 1 1 1 1 1 1 1 1 1 1 1 1 1 1 1 1 1 1 1 1 1 1 1 1 1 1 1 1 1 1 1 1 1 1 1 1 1 1 1 1 1 1 1 1 1 1 1 1 1 1 1 1 1 1 1 1 1 1 1 1 1 1 0 0 0 0 0 0 0 0 0 0 0 0 0 0 0 0 0 0 0 0 0 0 0 0 0 0 0 0 0 0 0 0 0 0 0 0 0 0 0 0 0 0 0 0 0 0 0 0 0 0 0 0 0 0 0 0 0 0 0 0 0 0 0 0 0 0 0 0 0 0 0 0 0 0 0 0 0 0 0 0 0 0 0 0 0 0 0 0 0 0 0 0 0 0 0 0 0 0 0 0 0 0 0 0 0 0 0 0 0 0 0 0 0 0 0 0 0 0 0 0 0 0 0 0 0 0 0 0 0 0 0 0 0 0 0 0 0 0 0 0 0 0 0 0 0 0 0 0 0 0 0 0 0 0 0 0 0 0 0 0 0 0 0 0 0 0 0 0 0 0 0 0 0 0
label: F
Target: ▁ 程序
Synonym: ▁ 程序
Writing example 1 of 21736
*** Example ***
subtokens: <s> ▁ 特别 报告 员 请 该 国 政府 就 审判 ▁ 程序 ▁ 以及 司法 方面的 进一步 动态 向 他 提供 补充 资料 。 </s> ▁ 该 项目 也 设 法 设计 一个 算法 , 把 用 同步 线路 组 写 成 的 规 格 转变 成为 要 证明 的 一套 原理 , 从 中 可以 提 取 电脑 ▁ 程序 ▁ , 在 自动 机 、 大地 测量 和 空中 勘 查 领域 里 提供 令人 感兴趣 的应用 。 </s>
input_ids: 0 6 21532 15885 13052 9736 4941 3024 4016 887 185374 6 23136 6 2961 58233 41309 18317 139147 2110 852 2212 110375 31968 30 2 6 4941 6806 886 49131 2150 10736 1860 147916 4 2346 1173 101340 156355 14196 9449 2803 43 42709 6347 97973 8315 1050 43012 43 56971 99907 4 1965 514 1441 9744 5226 45974 6 23136 6 4 213 67296 5312 37 137115 182720 264 109322 108840 9258 17010 2008 2212 18072 123701 144454 30 2 1 1 1 1 1 1 1 1 1 1 1 1 1 1 1 1 1 1 1 1 1 1 1 1 1 1 1 1 1 1 1 1 1 1 1 1 1 1 1 1 1 1 1 1 1 1 1 1 1 1 1 1 1 1 1 1 1 1 1 1 1 1 1 1 1 1 1 1 1 1 1 1 1 1 1 1 1 1 1 1 1 1 1 1 1 1 1 1 1 1 1 1 1 1 1 1 1 1 1 1 1 1 1 1 1 1 1 1 1 1 1 1 1 1 1 1 1 1 1 1 1 1 1 1 1 1 1 1 1 1 1 1 1 1 1 1 1 1 1 1 1 1 1 1 1 1 1 1 1 1 1 1 1 1 1 1 1 1 1 1 1 1 1 1 1 1 1 1 1 1 1 1 1 1
input_mask: 1 1 1 1 1 1 1 1 1 1 1 1 1 1 1 1 1 1 1 1 1 1 1 1 1 1 1 1 1 1 1 1 1 1 1 1 1 1 1 1 1 1 1 1 1 1 1 1 1 1 1 1 1 1 1 1 1 1 1 1 1 1 1 1 1 1 1 1 1 1 1 1 1 1 1 1 1 1 1 1 1 1 0 0 0 0 0 0 0 0 0 0 0 0 0 0 0 0 0 0 0 0 0 0 0 0 0 0 0 0 0 0 0 0 0 0 0 0 0 0 0 0 0 0 0 0 0 0 0 0 0 0 0 0 0 0 0 0 0 0 0 0 0 0 0 0 0 0 0 0 0 0 0 0 0 0 0 0 0 0 0 0 0 0 0 0 0 0 0 0 0 0 0 0 0 0 0 0 0 0 0 0 0 0 0 0 0 0 0 0 0 0 0 0 0 0 0 0 0 0 0 0 0 0 0 0 0 0 0 0 0 0 0 0 0 0 0 0 0 0 0 0 0 0 0 0 0 0 0 0 0 0 0 0 0 0 0 0 0 0 0 0 0 0 0 0 0 0 0 0 0 0 0 0 0 0
label: F
Target: ▁ 程序
Synonym: ▁ 程序
*** Example ***
subtokens: <s> ▁ 该 项目 也 设 法 设计 一个 算法 , 把 用 同步 线路 组 写 成 的 规 格 转变 成为 要 证明 的 一套 原理 , 从 中 可以 提 取 电脑 ▁ 程序 ▁ , 在 自动 机 、 大地 测量 和 空中 勘 查 领域 里 提供 令人 感兴趣 的应用 。 </s> ▁ 缔 约 国 指出 , 在 罗斯 基 勒 法院 和 高级 法院 东 分 部 的 诉讼 ▁ 程序 ▁ 中 , 根本 没有 注意到 这一 因素 。 </s>
input_ids: 0 6 4941 6806 886 49131 2150 10736 1860 147916 4 2346 1173 101340 156355 14196 9449 2803 43 42709 6347 97973 8315 1050 43012 43 56971 99907 4 1965 514 1441 9744 5226 45974 6 23136 6 4 213 67296 5312 37 137115 182720 264 109322 108840 9258 17010 2008 2212 18072 123701 144454 30 2 6 228237 10609 3024 12617 4 213 193925 9426 25931 37427 264 73421 37427 13012 1583 2649 43 102059 6 23136 6 514 4 22616 3029 128643 11833 20556 30 2 1 1 1 1 1 1 1 1 1 1 1 1 1 1 1 1 1 1 1 1 1 1 1 1 1 1 1 1 1 1 1 1 1 1 1 1 1 1 1 1 1 1 1 1 1 1 1 1 1 1 1 1 1 1 1 1 1 1 1 1 1 1 1 1 1 1 1 1 1 1 1 1 1 1 1 1 1 1 1 1 1 1 1 1 1 1 1 1 1 1 1 1 1 1 1 1 1 1 1 1 1 1 1 1 1 1 1 1 1 1 1 1 1 1 1 1 1 1 1 1 1 1 1 1 1 1 1 1 1 1 1 1 1 1 1 1 1 1 1 1 1 1 1 1 1 1 1 1 1 1 1 1 1 1 1 1 1 1 1 1 1 1 1 1 1 1 1 1
input_mask: 1 1 1 1 1 1 1 1 1 1 1 1 1 1 1 1 1 1 1 1 1 1 1 1 1 1 1 1 1 1 1 1 1 1 1 1 1 1 1 1 1 1 1 1 1 1 1 1 1 1 1 1 1 1 1 1 1 1 1 1 1 1 1 1 1 1 1 1 1 1 1 1 1 1 1 1 1 1 1 1 1 1 1 1 1 1 1 1 0 0 0 0 0 0 0 0 0 0 0 0 0 0 0 0 0 0 0 0 0 0 0 0 0 0 0 0 0 0 0 0 0 0 0 0 0 0 0 0 0 0 0 0 0 0 0 0 0 0 0 0 0 0 0 0 0 0 0 0 0 0 0 0 0 0 0 0 0 0 0 0 0 0 0 0 0 0 0 0 0 0 0 0 0 0 0 0 0 0 0 0 0 0 0 0 0 0 0 0 0 0 0 0 0 0 0 0 0 0 0 0 0 0 0 0 0 0 0 0 0 0 0 0 0 0 0 0 0 0 0 0 0 0 0 0 0 0 0 0 0 0 0 0 0 0 0 0 0 0 0 0 0 0 0 0 0 0 0 0 0 0 0 0 0 0 0 0
label: F
Target: ▁ 程序
Synonym: ▁ 程序
*** Example ***
subtokens: <s> ▁ 缔 约 国 指出 , 在 罗斯 基 勒 法院 和 高级 法院 东 分 部 的 诉讼 ▁ 程序 ▁ 中 , 根本 没有 注意到 这一 因素 。 </s> ▁ 该 项目 也 设 法 设计 一个 算法 , 把 用 同步 线路 组 写 成 的 规 格 转变 成为 要 证明 的 一套 原理 , 从 中 可以 提 取 电脑 ▁ 程序 ▁ , 在 自动 机 、 大地 测量 和 空中 勘 查 领域 里 提供 令人 感兴趣 的应用 。 </s>
input_ids: 0 6 228237 10609 3024 12617 4 213 193925 9426 25931 37427 264 73421 37427 13012 1583 2649 43 102059 6 23136 6 514 4 22616 3029 128643 11833 20556 30 2 6 4941 6806 886 49131 2150 10736 1860 147916 4 2346 1173 101340 156355 14196 9449 2803 43 42709 6347 97973 8315 1050 43012 43 56971 99907 4 1965 514 1441 9744 5226 45974 6 23136 6 4 213 67296 5312 37 137115 182720 264 109322 108840 9258 17010 2008 2212 18072 123701 144454 30 2 1 1 1 1 1 1 1 1 1 1 1 1 1 1 1 1 1 1 1 1 1 1 1 1 1 1 1 1 1 1 1 1 1 1 1 1 1 1 1 1 1 1 1 1 1 1 1 1 1 1 1 1 1 1 1 1 1 1 1 1 1 1 1 1 1 1 1 1 1 1 1 1 1 1 1 1 1 1 1 1 1 1 1 1 1 1 1 1 1 1 1 1 1 1 1 1 1 1 1 1 1 1 1 1 1 1 1 1 1 1 1 1 1 1 1 1 1 1 1 1 1 1 1 1 1 1 1 1 1 1 1 1 1 1 1 1 1 1 1 1 1 1 1 1 1 1 1 1 1 1 1 1 1 1 1 1 1 1 1 1 1 1 1 1 1 1 1 1
input_mask: 1 1 1 1 1 1 1 1 1 1 1 1 1 1 1 1 1 1 1 1 1 1 1 1 1 1 1 1 1 1 1 1 1 1 1 1 1 1 1 1 1 1 1 1 1 1 1 1 1 1 1 1 1 1 1 1 1 1 1 1 1 1 1 1 1 1 1 1 1 1 1 1 1 1 1 1 1 1 1 1 1 1 1 1 1 1 1 1 0 0 0 0 0 0 0 0 0 0 0 0 0 0 0 0 0 0 0 0 0 0 0 0 0 0 0 0 0 0 0 0 0 0 0 0 0 0 0 0 0 0 0 0 0 0 0 0 0 0 0 0 0 0 0 0 0 0 0 0 0 0 0 0 0 0 0 0 0 0 0 0 0 0 0 0 0 0 0 0 0 0 0 0 0 0 0 0 0 0 0 0 0 0 0 0 0 0 0 0 0 0 0 0 0 0 0 0 0 0 0 0 0 0 0 0 0 0 0 0 0 0 0 0 0 0 0 0 0 0 0 0 0 0 0 0 0 0 0 0 0 0 0 0 0 0 0 0 0 0 0 0 0 0 0 0 0 0 0 0 0 0 0 0 0 0 0 0
label: F
Target: ▁ 程序
Synonym: ▁ 程序
*** Example ***
subtokens: <s> ▁ 律师 提出 , 因此 , 法院 不知道 死 者 袭击 提交 人的 可能 ▁ 动 机 ▁ 。 </s> ▁ 律师 还 指出 , 被告 衣服 上 未 发现 任何 血 迹 , 而且 死 者 与 被告 始终 保持 着 良好的 关系 , 因此 被告 没有 谋 害 ▁ 动 机 ▁ 。 </s>
input_ids: 0 6 76307 12092 4 5353 4 37427 13612 5680 1548 160494 67829 7979 3856 6 7447 5312 6 30 2 6 76307 3148 12617 4 107982 46503 575 6335 8261 7368 7913 80039 4 5296 5680 1548 1189 107982 51743 12454 1562 29391 11233 4 5353 107982 3029 64218 31562 6 7447 5312 6 30 2 1 1 1 1 1 1 1 1 1 1 1 1 1 1 1 1 1 1 1 1 1 1 1 1 1 1 1 1 1 1 1 1 1 1 1 1 1 1 1 1 1 1 1 1 1 1 1 1 1 1 1 1 1 1 1 1 1 1 1 1 1 1 1 1 1 1 1 1 1 1 1 1 1 1 1 1 1 1 1 1 1 1 1 1 1 1 1 1 1 1 1 1 1 1 1 1 1 1 1 1 1 1 1 1 1 1 1 1 1 1 1 1 1 1 1 1 1 1 1 1 1 1 1 1 1 1 1 1 1 1 1 1 1 1 1 1 1 1 1 1 1 1 1 1 1 1 1 1 1 1 1 1 1 1 1 1 1 1 1 1 1 1 1 1 1 1 1 1 1 1 1 1 1 1 1 1 1 1 1 1 1 1 1 1 1 1 1 1 1 1 1 1 1 1 1 1 1 1 1
input_mask: 1 1 1 1 1 1 1 1 1 1 1 1 1 1 1 1 1 1 1 1 1 1 1 1 1 1 1 1 1 1 1 1 1 1 1 1 1 1 1 1 1 1 1 1 1 1 1 1 1 1 1 1 1 1 1 1 1 0 0 0 0 0 0 0 0 0 0 0 0 0 0 0 0 0 0 0 0 0 0 0 0 0 0 0 0 0 0 0 0 0 0 0 0 0 0 0 0 0 0 0 0 0 0 0 0 0 0 0 0 0 0 0 0 0 0 0 0 0 0 0 0 0 0 0 0 0 0 0 0 0 0 0 0 0 0 0 0 0 0 0 0 0 0 0 0 0 0 0 0 0 0 0 0 0 0 0 0 0 0 0 0 0 0 0 0 0 0 0 0 0 0 0 0 0 0 0 0 0 0 0 0 0 0 0 0 0 0 0 0 0 0 0 0 0 0 0 0 0 0 0 0 0 0 0 0 0 0 0 0 0 0 0 0 0 0 0 0 0 0 0 0 0 0 0 0 0 0 0 0 0 0 0 0 0 0 0 0 0 0 0 0 0 0 0 0 0 0 0 0 0 0 0 0 0 0 0
label: T
Target: ▁ 动 机
Synonym: ▁ 动 机
*** Example ***
subtokens: <s> ▁ 律师 还 指出 , 被告 衣服 上 未 发现 任何 血 迹 , 而且 死 者 与 被告 始终 保持 着 良好的 关系 , 因此 被告 没有 谋 害 ▁ 动 机 ▁ 。 </s> ▁ 律师 提出 , 因此 , 法院 不知道 死 者 袭击 提交 人的 可能 ▁ 动 机 ▁ 。 </s>
input_ids: 0 6 76307 3148 12617 4 107982 46503 575 6335 8261 7368 7913 80039 4 5296 5680 1548 1189 107982 51743 12454 1562 29391 11233 4 5353 107982 3029 64218 31562 6 7447 5312 6 30 2 6 76307 12092 4 5353 4 37427 13612 5680 1548 160494 67829 7979 3856 6 7447 5312 6 30 2 1 1 1 1 1 1 1 1 1 1 1 1 1 1 1 1 1 1 1 1 1 1 1 1 1 1 1 1 1 1 1 1 1 1 1 1 1 1 1 1 1 1 1 1 1 1 1 1 1 1 1 1 1 1 1 1 1 1 1 1 1 1 1 1 1 1 1 1 1 1 1 1 1 1 1 1 1 1 1 1 1 1 1 1 1 1 1 1 1 1 1 1 1 1 1 1 1 1 1 1 1 1 1 1 1 1 1 1 1 1 1 1 1 1 1 1 1 1 1 1 1 1 1 1 1 1 1 1 1 1 1 1 1 1 1 1 1 1 1 1 1 1 1 1 1 1 1 1 1 1 1 1 1 1 1 1 1 1 1 1 1 1 1 1 1 1 1 1 1 1 1 1 1 1 1 1 1 1 1 1 1 1 1 1 1 1 1 1 1 1 1 1 1 1 1 1 1 1 1
input_mask: 1 1 1 1 1 1 1 1 1 1 1 1 1 1 1 1 1 1 1 1 1 1 1 1 1 1 1 1 1 1 1 1 1 1 1 1 1 1 1 1 1 1 1 1 1 1 1 1 1 1 1 1 1 1 1 1 1 0 0 0 0 0 0 0 0 0 0 0 0 0 0 0 0 0 0 0 0 0 0 0 0 0 0 0 0 0 0 0 0 0 0 0 0 0 0 0 0 0 0 0 0 0 0 0 0 0 0 0 0 0 0 0 0 0 0 0 0 0 0 0 0 0 0 0 0 0 0 0 0 0 0 0 0 0 0 0 0 0 0 0 0 0 0 0 0 0 0 0 0 0 0 0 0 0 0 0 0 0 0 0 0 0 0 0 0 0 0 0 0 0 0 0 0 0 0 0 0 0 0 0 0 0 0 0 0 0 0 0 0 0 0 0 0 0 0 0 0 0 0 0 0 0 0 0 0 0 0 0 0 0 0 0 0 0 0 0 0 0 0 0 0 0 0 0 0 0 0 0 0 0 0 0 0 0 0 0 0 0 0 0 0 0 0 0 0 0 0 0 0 0 0 0 0 0 0 0
label: T
Target: ▁ 动 机
Synonym: ▁ 动 机
*** Example ***
subtokens: <s> ▁ 律师 提出 , 因此 , 法院 不知道 死 者 袭击 提交 人的 可能 ▁ 动 机 ▁ 。 </s> ▁第 63 条 规定 了 具有 " 民族 、 种族 或 宗教 仇 恨 或 敌 意 ▁ 动 机 ▁" 犯罪 情节 加 重 这一 一般 规则 。 </s>
input_ids: 0 6 76307 12092 4 5353 4 37427 13612 5680 1548 160494 67829 7979 3856 6 7447 5312 6 30 2 23830 15748 7781 20024 274 7985 58 27839 37 226934 1635 48616 99284 71639 1635 103865 4671 6 7447 5312 44 37848 185282 3490 2830 11833 7545 63986 30 2 1 1 1 1 1 1 1 1 1 1 1 1 1 1 1 1 1 1 1 1 1 1 1 1 1 1 1 1 1 1 1 1 1 1 1 1 1 1 1 1 1 1 1 1 1 1 1 1 1 1 1 1 1 1 1 1 1 1 1 1 1 1 1 1 1 1 1 1 1 1 1 1 1 1 1 1 1 1 1 1 1 1 1 1 1 1 1 1 1 1 1 1 1 1 1 1 1 1 1 1 1 1 1 1 1 1 1 1 1 1 1 1 1 1 1 1 1 1 1 1 1 1 1 1 1 1 1 1 1 1 1 1 1 1 1 1 1 1 1 1 1 1 1 1 1 1 1 1 1 1 1 1 1 1 1 1 1 1 1 1 1 1 1 1 1 1 1 1 1 1 1 1 1 1 1 1 1 1 1 1 1 1 1 1 1 1 1 1 1 1 1 1 1 1 1 1 1 1 1 1 1 1 1 1 1
input_mask: 1 1 1 1 1 1 1 1 1 1 1 1 1 1 1 1 1 1 1 1 1 1 1 1 1 1 1 1 1 1 1 1 1 1 1 1 1 1 1 1 1 1 1 1 1 1 1 1 1 1 1 0 0 0 0 0 0 0 0 0 0 0 0 0 0 0 0 0 0 0 0 0 0 0 0 0 0 0 0 0 0 0 0 0 0 0 0 0 0 0 0 0 0 0 0 0 0 0 0 0 0 0 0 0 0 0 0 0 0 0 0 0 0 0 0 0 0 0 0 0 0 0 0 0 0 0 0 0 0 0 0 0 0 0 0 0 0 0 0 0 0 0 0 0 0 0 0 0 0 0 0 0 0 0 0 0 0 0 0 0 0 0 0 0 0 0 0 0 0 0 0 0 0 0 0 0 0 0 0 0 0 0 0 0 0 0 0 0 0 0 0 0 0 0 0 0 0 0 0 0 0 0 0 0 0 0 0 0 0 0 0 0 0 0 0 0 0 0 0 0 0 0 0 0 0 0 0 0 0 0 0 0 0 0 0 0 0 0 0 0 0 0 0 0 0 0 0 0 0 0 0 0 0 0 0 0
label: T
Target: ▁ 动 机
Synonym: ▁ 动 机
*** Example ***
subtokens: <s> ▁第 63 条 规定 了 具有 " 民族 、 种族 或 宗教 仇 恨 或 敌 意 ▁ 动 机 ▁" 犯罪 情节 加 重 这一 一般 规则 。 </s> ▁ 律师 提出 , 因此 , 法院 不知道 死 者 袭击 提交 人的 可能 ▁ 动 机 ▁ 。 </s>
input_ids: 0 23830 15748 7781 20024 274 7985 58 27839 37 226934 1635 48616 99284 71639 1635 103865 4671 6 7447 5312 44 37848 185282 3490 2830 11833 7545 63986 30 2 6 76307 12092 4 5353 4 37427 13612 5680 1548 160494 67829 7979 3856 6 7447 5312 6 30 2 1 1 1 1 1 1 1 1 1 1 1 1 1 1 1 1 1 1 1 1 1 1 1 1 1 1 1 1 1 1 1 1 1 1 1 1 1 1 1 1 1 1 1 1 1 1 1 1 1 1 1 1 1 1 1 1 1 1 1 1 1 1 1 1 1 1 1 1 1 1 1 1 1 1 1 1 1 1 1 1 1 1 1 1 1 1 1 1 1 1 1 1 1 1 1 1 1 1 1 1 1 1 1 1 1 1 1 1 1 1 1 1 1 1 1 1 1 1 1 1 1 1 1 1 1 1 1 1 1 1 1 1 1 1 1 1 1 1 1 1 1 1 1 1 1 1 1 1 1 1 1 1 1 1 1 1 1 1 1 1 1 1 1 1 1 1 1 1 1 1 1 1 1 1 1 1 1 1 1 1 1 1 1 1 1 1 1 1 1 1 1 1 1 1 1 1 1 1 1 1 1 1 1 1 1
input_mask: 1 1 1 1 1 1 1 1 1 1 1 1 1 1 1 1 1 1 1 1 1 1 1 1 1 1 1 1 1 1 1 1 1 1 1 1 1 1 1 1 1 1 1 1 1 1 1 1 1 1 1 0 0 0 0 0 0 0 0 0 0 0 0 0 0 0 0 0 0 0 0 0 0 0 0 0 0 0 0 0 0 0 0 0 0 0 0 0 0 0 0 0 0 0 0 0 0 0 0 0 0 0 0 0 0 0 0 0 0 0 0 0 0 0 0 0 0 0 0 0 0 0 0 0 0 0 0 0 0 0 0 0 0 0 0 0 0 0 0 0 0 0 0 0 0 0 0 0 0 0 0 0 0 0 0 0 0 0 0 0 0 0 0 0 0 0 0 0 0 0 0 0 0 0 0 0 0 0 0 0 0 0 0 0 0 0 0 0 0 0 0 0 0 0 0 0 0 0 0 0 0 0 0 0 0 0 0 0 0 0 0 0 0 0 0 0 0 0 0 0 0 0 0 0 0 0 0 0 0 0 0 0 0 0 0 0 0 0 0 0 0 0 0 0 0 0 0 0 0 0 0 0 0 0 0 0
label: T
Target: ▁ 动 机
Synonym: ▁ 动 机
*** Example ***
subtokens: <s> ▁ 多数 的 星 系 会 组织 成 ▁ 更大的 ▁ 集团 , 成为 星 系 群 或 团 , 它们 又 会 聚集 成 更大的 超 星 系 团 。 </s> ▁1970 年 根据 各种 法律 建立了 其它 的 15 个 政 区 , 它们 的主要 功能 是 将 州 政府 机构 的 权力 下 放 , 并且 最近 行政 机关 已经 把 ▁ 更大的 ▁ 权力 移 交 到 政 区 。 </s>
input_ids: 0 6 68854 43 7367 10956 1147 9085 2803 6 96069 6 15178 4 8315 7367 10956 11957 1635 18007 4 33841 2100 1147 128363 2803 96069 5230 7367 10956 18007 30 2 19340 470 12568 20456 9651 108151 52741 43 1837 3294 9095 3624 4 33841 45049 8588 354 1726 7800 4016 11818 43 112626 1130 5853 4 18941 13064 14342 47876 3990 2346 6 96069 6 112626 20373 6582 789 9095 3624 30 2 1 1 1 1 1 1 1 1 1 1 1 1 1 1 1 1 1 1 1 1 1 1 1 1 1 1 1 1 1 1 1 1 1 1 1 1 1 1 1 1 1 1 1 1 1 1 1 1 1 1 1 1 1 1 1 1 1 1 1 1 1 1 1 1 1 1 1 1 1 1 1 1 1 1 1 1 1 1 1 1 1 1 1 1 1 1 1 1 1 1 1 1 1 1 1 1 1 1 1 1 1 1 1 1 1 1 1 1 1 1 1 1 1 1 1 1 1 1 1 1 1 1 1 1 1 1 1 1 1 1 1 1 1 1 1 1 1 1 1 1 1 1 1 1 1 1 1 1 1 1 1 1 1 1 1 1 1 1 1 1 1 1 1 1 1 1 1 1 1 1 1 1 1 1 1 1 1 1 1 1
input_mask: 1 1 1 1 1 1 1 1 1 1 1 1 1 1 1 1 1 1 1 1 1 1 1 1 1 1 1 1 1 1 1 1 1 1 1 1 1 1 1 1 1 1 1 1 1 1 1 1 1 1 1 1 1 1 1 1 1 1 1 1 1 1 1 1 1 1 1 1 1 1 1 1 1 1 1 1 0 0 0 0 0 0 0 0 0 0 0 0 0 0 0 0 0 0 0 0 0 0 0 0 0 0 0 0 0 0 0 0 0 0 0 0 0 0 0 0 0 0 0 0 0 0 0 0 0 0 0 0 0 0 0 0 0 0 0 0 0 0 0 0 0 0 0 0 0 0 0 0 0 0 0 0 0 0 0 0 0 0 0 0 0 0 0 0 0 0 0 0 0 0 0 0 0 0 0 0 0 0 0 0 0 0 0 0 0 0 0 0 0 0 0 0 0 0 0 0 0 0 0 0 0 0 0 0 0 0 0 0 0 0 0 0 0 0 0 0 0 0 0 0 0 0 0 0 0 0 0 0 0 0 0 0 0 0 0 0 0 0 0 0 0 0 0 0 0 0 0 0 0 0 0 0 0 0 0 0
label: F
Target: ▁ 更大的
Synonym: ▁ 更大的
*** Example ***
subtokens: <s> ▁1970 年 根据 各种 法律 建立了 其它 的 15 个 政 区 , 它们 的主要 功能 是 将 州 政府 机构 的 权力 下 放 , 并且 最近 行政 机关 已经 把 ▁ 更大的 ▁ 权力 移 交 到 政 区 。 </s> ▁ 多数 的 星 系 会 组织 成 ▁ 更大的 ▁ 集团 , 成为 星 系 群 或 团 , 它们 又 会 聚集 成 更大的 超 星 系 团 。 </s>
input_ids: 0 19340 470 12568 20456 9651 108151 52741 43 1837 3294 9095 3624 4 33841 45049 8588 354 1726 7800 4016 11818 43 112626 1130 5853 4 18941 13064 14342 47876 3990 2346 6 96069 6 112626 20373 6582 789 9095 3624 30 2 6 68854 43 7367 10956 1147 9085 2803 6 96069 6 15178 4 8315 7367 10956 11957 1635 18007 4 33841 2100 1147 128363 2803 96069 5230 7367 10956 18007 30 2 1 1 1 1 1 1 1 1 1 1 1 1 1 1 1 1 1 1 1 1 1 1 1 1 1 1 1 1 1 1 1 1 1 1 1 1 1 1 1 1 1 1 1 1 1 1 1 1 1 1 1 1 1 1 1 1 1 1 1 1 1 1 1 1 1 1 1 1 1 1 1 1 1 1 1 1 1 1 1 1 1 1 1 1 1 1 1 1 1 1 1 1 1 1 1 1 1 1 1 1 1 1 1 1 1 1 1 1 1 1 1 1 1 1 1 1 1 1 1 1 1 1 1 1 1 1 1 1 1 1 1 1 1 1 1 1 1 1 1 1 1 1 1 1 1 1 1 1 1 1 1 1 1 1 1 1 1 1 1 1 1 1 1 1 1 1 1 1 1 1 1 1 1 1 1 1 1 1 1 1
input_mask: 1 1 1 1 1 1 1 1 1 1 1 1 1 1 1 1 1 1 1 1 1 1 1 1 1 1 1 1 1 1 1 1 1 1 1 1 1 1 1 1 1 1 1 1 1 1 1 1 1 1 1 1 1 1 1 1 1 1 1 1 1 1 1 1 1 1 1 1 1 1 1 1 1 1 1 1 0 0 0 0 0 0 0 0 0 0 0 0 0 0 0 0 0 0 0 0 0 0 0 0 0 0 0 0 0 0 0 0 0 0 0 0 0 0 0 0 0 0 0 0 0 0 0 0 0 0 0 0 0 0 0 0 0 0 0 0 0 0 0 0 0 0 0 0 0 0 0 0 0 0 0 0 0 0 0 0 0 0 0 0 0 0 0 0 0 0 0 0 0 0 0 0 0 0 0 0 0 0 0 0 0 0 0 0 0 0 0 0 0 0 0 0 0 0 0 0 0 0 0 0 0 0 0 0 0 0 0 0 0 0 0 0 0 0 0 0 0 0 0 0 0 0 0 0 0 0 0 0 0 0 0 0 0 0 0 0 0 0 0 0 0 0 0 0 0 0 0 0 0 0 0 0 0 0 0 0
label: F
Target: ▁ 更大的
Synonym: ▁ 更大的
*** Example ***
subtokens: <s> ▁ 多数 的 星 系 会 组织 成 ▁ 更大的 ▁ 集团 , 成为 星 系 群 或 团 , 它们 又 会 聚集 成 更大的 超 星 系 团 。 </s> ▁ 自 1999 年 颁 布 了 关于 地方政府 的 1999 年第 22 号 法 开始 ( 该 法令 由 2004 年第 32 号 法令 再次 修订 ), 现在 地方政府 在 管理 地区 方面 拥有 ▁ 更大的 ▁ 权 限 。 </s>
input_ids: 0 6 68854 43 7367 10956 1147 9085 2803 6 96069 6 15178 4 8315 7367 10956 11957 1635 18007 4 33841 2100 1147 128363 2803 96069 5230 7367 10956 18007 30 2 6 2122 55157 470 152883 6786 274 12022 185991 43 55157 182270 4015 5730 2150 6966 132 4941 168091 2719 30416 182270 6460 5730 168091 25519 174979 247 5250 185991 213 2438 12965 7165 15049 6 96069 6 11608 12040 30 2 1 1 1 1 1 1 1 1 1 1 1 1 1 1 1 1 1 1 1 1 1 1 1 1 1 1 1 1 1 1 1 1 1 1 1 1 1 1 1 1 1 1 1 1 1 1 1 1 1 1 1 1 1 1 1 1 1 1 1 1 1 1 1 1 1 1 1 1 1 1 1 1 1 1 1 1 1 1 1 1 1 1 1 1 1 1 1 1 1 1 1 1 1 1 1 1 1 1 1 1 1 1 1 1 1 1 1 1 1 1 1 1 1 1 1 1 1 1 1 1 1 1 1 1 1 1 1 1 1 1 1 1 1 1 1 1 1 1 1 1 1 1 1 1 1 1 1 1 1 1 1 1 1 1 1 1 1 1 1 1 1 1 1 1 1 1 1 1 1 1 1 1 1 1 1 1 1 1 1 1 1
input_mask: 1 1 1 1 1 1 1 1 1 1 1 1 1 1 1 1 1 1 1 1 1 1 1 1 1 1 1 1 1 1 1 1 1 1 1 1 1 1 1 1 1 1 1 1 1 1 1 1 1 1 1 1 1 1 1 1 1 1 1 1 1 1 1 1 1 1 1 1 1 1 1 1 1 1 1 0 0 0 0 0 0 0 0 0 0 0 0 0 0 0 0 0 0 0 0 0 0 0 0 0 0 0 0 0 0 0 0 0 0 0 0 0 0 0 0 0 0 0 0 0 0 0 0 0 0 0 0 0 0 0 0 0 0 0 0 0 0 0 0 0 0 0 0 0 0 0 0 0 0 0 0 0 0 0 0 0 0 0 0 0 0 0 0 0 0 0 0 0 0 0 0 0 0 0 0 0 0 0 0 0 0 0 0 0 0 0 0 0 0 0 0 0 0 0 0 0 0 0 0 0 0 0 0 0 0 0 0 0 0 0 0 0 0 0 0 0 0 0 0 0 0 0 0 0 0 0 0 0 0 0 0 0 0 0 0 0 0 0 0 0 0 0 0 0 0 0 0 0 0 0 0 0 0 0 0 0
label: F
Target: ▁ 更大的
Synonym: ▁ 更大的
*** Example ***
subtokens: <s> ▁ 自 1999 年 颁 布 了 关于 地方政府 的 1999 年第 22 号 法 开始 ( 该 法令 由 2004 年第 32 号 法令 再次 修订 ), 现在 地方政府 在 管理 地区 方面 拥有 ▁ 更大的 ▁ 权 限 。 </s> ▁ 多数 的 星 系 会 组织 成 ▁ 更大的 ▁ 集团 , 成为 星 系 群 或 团 , 它们 又 会 聚集 成 更大的 超 星 系 团 。 </s>
input_ids: 0 6 2122 55157 470 152883 6786 274 12022 185991 43 55157 182270 4015 5730 2150 6966 132 4941 168091 2719 30416 182270 6460 5730 168091 25519 174979 247 5250 185991 213 2438 12965 7165 15049 6 96069 6 11608 12040 30 2 6 68854 43 7367 10956 1147 9085 2803 6 96069 6 15178 4 8315 7367 10956 11957 1635 18007 4 33841 2100 1147 128363 2803 96069 5230 7367 10956 18007 30 2 1 1 1 1 1 1 1 1 1 1 1 1 1 1 1 1 1 1 1 1 1 1 1 1 1 1 1 1 1 1 1 1 1 1 1 1 1 1 1 1 1 1 1 1 1 1 1 1 1 1 1 1 1 1 1 1 1 1 1 1 1 1 1 1 1 1 1 1 1 1 1 1 1 1 1 1 1 1 1 1 1 1 1 1 1 1 1 1 1 1 1 1 1 1 1 1 1 1 1 1 1 1 1 1 1 1 1 1 1 1 1 1 1 1 1 1 1 1 1 1 1 1 1 1 1 1 1 1 1 1 1 1 1 1 1 1 1 1 1 1 1 1 1 1 1 1 1 1 1 1 1 1 1 1 1 1 1 1 1 1 1 1 1 1 1 1 1 1 1 1 1 1 1 1 1 1 1 1 1 1 1
input_mask: 1 1 1 1 1 1 1 1 1 1 1 1 1 1 1 1 1 1 1 1 1 1 1 1 1 1 1 1 1 1 1 1 1 1 1 1 1 1 1 1 1 1 1 1 1 1 1 1 1 1 1 1 1 1 1 1 1 1 1 1 1 1 1 1 1 1 1 1 1 1 1 1 1 1 1 0 0 0 0 0 0 0 0 0 0 0 0 0 0 0 0 0 0 0 0 0 0 0 0 0 0 0 0 0 0 0 0 0 0 0 0 0 0 0 0 0 0 0 0 0 0 0 0 0 0 0 0 0 0 0 0 0 0 0 0 0 0 0 0 0 0 0 0 0 0 0 0 0 0 0 0 0 0 0 0 0 0 0 0 0 0 0 0 0 0 0 0 0 0 0 0 0 0 0 0 0 0 0 0 0 0 0 0 0 0 0 0 0 0 0 0 0 0 0 0 0 0 0 0 0 0 0 0 0 0 0 0 0 0 0 0 0 0 0 0 0 0 0 0 0 0 0 0 0 0 0 0 0 0 0 0 0 0 0 0 0 0 0 0 0 0 0 0 0 0 0 0 0 0 0 0 0 0 0 0 0
label: F
Target: ▁ 更大的
Synonym: ▁ 更大的
*** Example ***
subtokens: <s> ▁而 达 内 兄弟 带着 没有 偏 见 的 镜头 , 诚 恳 写 实 地 纪录 下 这个 过程中 人们的 喜 怒 哀 乐 , 他们的 反应 可能是 温 情 、 无奈 甚至 无 情 , 影片 却 没有任何 ▁ 居 高 临 下的 ▁ 道德 绑 架 来 做出 审判 。 </s> ▁ 塞 哥 维 亚 城堡 坐 落在 古 城 西 端 高 出 河 谷 80 多 米 的 山 岗 上 , 有 ▁ 居 高 临 下的 ▁ 气 势 。 </s>
input_ids: 0 56584 9186 3182 49790 49293 3029 21919 11415 43 198357 4 54000 249901 9449 12272 955 120219 1130 2935 27299 131843 18495 44559 111290 15240 4 28389 60668 46826 21918 5148 37 158130 7608 3759 5148 4 24504 6679 132948 6 10721 1395 44850 41084 6 62212 136660 14729 1589 29550 185374 30 2 6 23323 20431 16623 10783 198337 14685 119496 7267 4741 3891 12752 1395 1040 10970 24081 4836 1288 5473 43 2272 126974 575 4 465 6 10721 1395 44850 41084 6 7825 27948 30 2 1 1 1 1 1 1 1 1 1 1 1 1 1 1 1 1 1 1 1 1 1 1 1 1 1 1 1 1 1 1 1 1 1 1 1 1 1 1 1 1 1 1 1 1 1 1 1 1 1 1 1 1 1 1 1 1 1 1 1 1 1 1 1 1 1 1 1 1 1 1 1 1 1 1 1 1 1 1 1 1 1 1 1 1 1 1 1 1 1 1 1 1 1 1 1 1 1 1 1 1 1 1 1 1 1 1 1 1 1 1 1 1 1 1 1 1 1 1 1 1 1 1 1 1 1 1 1 1 1 1 1 1 1 1 1 1 1 1 1 1 1 1 1 1 1 1 1 1 1 1 1 1 1 1 1 1 1 1 1 1 1 1 1 1 1 1
input_mask: 1 1 1 1 1 1 1 1 1 1 1 1 1 1 1 1 1 1 1 1 1 1 1 1 1 1 1 1 1 1 1 1 1 1 1 1 1 1 1 1 1 1 1 1 1 1 1 1 1 1 1 1 1 1 1 1 1 1 1 1 1 1 1 1 1 1 1 1 1 1 1 1 1 1 1 1 1 1 1 1 1 1 1 1 1 1 1 1 1 1 0 0 0 0 0 0 0 0 0 0 0 0 0 0 0 0 0 0 0 0 0 0 0 0 0 0 0 0 0 0 0 0 0 0 0 0 0 0 0 0 0 0 0 0 0 0 0 0 0 0 0 0 0 0 0 0 0 0 0 0 0 0 0 0 0 0 0 0 0 0 0 0 0 0 0 0 0 0 0 0 0 0 0 0 0 0 0 0 0 0 0 0 0 0 0 0 0 0 0 0 0 0 0 0 0 0 0 0 0 0 0 0 0 0 0 0 0 0 0 0 0 0 0 0 0 0 0 0 0 0 0 0 0 0 0 0 0 0 0 0 0 0 0 0 0 0 0 0 0 0 0 0 0 0 0 0 0 0 0 0 0 0 0 0 0 0
label: F
Target: ▁ 居 高 临 下的
Synonym: ▁ 居 高 临 下的
*** Example ***
subtokens: <s> ▁ 塞 哥 维 亚 城堡 坐 落在 古 城 西 端 高 出 河 谷 80 多 米 的 山 岗 上 , 有 ▁ 居 高 临 下的 ▁ 气 势 。 </s> ▁而 达 内 兄弟 带着 没有 偏 见 的 镜头 , 诚 恳 写 实 地 纪录 下 这个 过程中 人们的 喜 怒 哀 乐 , 他们的 反应 可能是 温 情 、 无奈 甚至 无 情 , 影片 却 没有任何 ▁ 居 高 临 下的 ▁ 道德 绑 架 来 做出 审判 。 </s>
input_ids: 0 6 23323 20431 16623 10783 198337 14685 119496 7267 4741 3891 12752 1395 1040 10970 24081 4836 1288 5473 43 2272 126974 575 4 465 6 10721 1395 44850 41084 6 7825 27948 30 2 56584 9186 3182 49790 49293 3029 21919 11415 43 198357 4 54000 249901 9449 12272 955 120219 1130 2935 27299 131843 18495 44559 111290 15240 4 28389 60668 46826 21918 5148 37 158130 7608 3759 5148 4 24504 6679 132948 6 10721 1395 44850 41084 6 62212 136660 14729 1589 29550 185374 30 2 1 1 1 1 1 1 1 1 1 1 1 1 1 1 1 1 1 1 1 1 1 1 1 1 1 1 1 1 1 1 1 1 1 1 1 1 1 1 1 1 1 1 1 1 1 1 1 1 1 1 1 1 1 1 1 1 1 1 1 1 1 1 1 1 1 1 1 1 1 1 1 1 1 1 1 1 1 1 1 1 1 1 1 1 1 1 1 1 1 1 1 1 1 1 1 1 1 1 1 1 1 1 1 1 1 1 1 1 1 1 1 1 1 1 1 1 1 1 1 1 1 1 1 1 1 1 1 1 1 1 1 1 1 1 1 1 1 1 1 1 1 1 1 1 1 1 1 1 1 1 1 1 1 1 1 1 1 1 1 1 1 1 1 1 1 1
input_mask: 1 1 1 1 1 1 1 1 1 1 1 1 1 1 1 1 1 1 1 1 1 1 1 1 1 1 1 1 1 1 1 1 1 1 1 1 1 1 1 1 1 1 1 1 1 1 1 1 1 1 1 1 1 1 1 1 1 1 1 1 1 1 1 1 1 1 1 1 1 1 1 1 1 1 1 1 1 1 1 1 1 1 1 1 1 1 1 1 1 1 0 0 0 0 0 0 0 0 0 0 0 0 0 0 0 0 0 0 0 0 0 0 0 0 0 0 0 0 0 0 0 0 0 0 0 0 0 0 0 0 0 0 0 0 0 0 0 0 0 0 0 0 0 0 0 0 0 0 0 0 0 0 0 0 0 0 0 0 0 0 0 0 0 0 0 0 0 0 0 0 0 0 0 0 0 0 0 0 0 0 0 0 0 0 0 0 0 0 0 0 0 0 0 0 0 0 0 0 0 0 0 0 0 0 0 0 0 0 0 0 0 0 0 0 0 0 0 0 0 0 0 0 0 0 0 0 0 0 0 0 0 0 0 0 0 0 0 0 0 0 0 0 0 0 0 0 0 0 0 0 0 0 0 0 0 0
label: F
Target: ▁ 居 高 临 下的
Synonym: ▁ 居 高 临 下的
*** Example ***
subtokens: <s> ▁而 达 内 兄弟 带着 没有 偏 见 的 镜头 , 诚 恳 写 实 地 纪录 下 这个 过程中 人们的 喜 怒 哀 乐 , 他们的 反应 可能是 温 情 、 无奈 甚至 无 情 , 影片 却 没有任何 ▁ 居 高 临 下的 ▁ 道德 绑 架 来 做出 审判 。 </s> ▁ 随后 , 在 威 远 城 ▁ 居 高 临 下的 ▁ 火 力 支援 下 , 英 军 开始 从 县 城 东 城 墙 的 两 处 地点 开始 攻 城 。 </s>
input_ids: 0 56584 9186 3182 49790 49293 3029 21919 11415 43 198357 4 54000 249901 9449 12272 955 120219 1130 2935 27299 131843 18495 44559 111290 15240 4 28389 60668 46826 21918 5148 37 158130 7608 3759 5148 4 24504 6679 132948 6 10721 1395 44850 41084 6 62212 136660 14729 1589 29550 185374 30 2 6 69612 4 213 18220 14062 4741 6 10721 1395 44850 41084 6 5505 2017 23795 1130 4 10732 9002 6966 1965 13522 4741 13012 4741 63444 43 6442 7646 88474 6966 35777 4741 30 2 1 1 1 1 1 1 1 1 1 1 1 1 1 1 1 1 1 1 1 1 1 1 1 1 1 1 1 1 1 1 1 1 1 1 1 1 1 1 1 1 1 1 1 1 1 1 1 1 1 1 1 1 1 1 1 1 1 1 1 1 1 1 1 1 1 1 1 1 1 1 1 1 1 1 1 1 1 1 1 1 1 1 1 1 1 1 1 1 1 1 1 1 1 1 1 1 1 1 1 1 1 1 1 1 1 1 1 1 1 1 1 1 1 1 1 1 1 1 1 1 1 1 1 1 1 1 1 1 1 1 1 1 1 1 1 1 1 1 1 1 1 1 1 1 1 1 1 1 1 1 1 1 1 1 1 1 1 1 1 1 1 1 1 1 1
input_mask: 1 1 1 1 1 1 1 1 1 1 1 1 1 1 1 1 1 1 1 1 1 1 1 1 1 1 1 1 1 1 1 1 1 1 1 1 1 1 1 1 1 1 1 1 1 1 1 1 1 1 1 1 1 1 1 1 1 1 1 1 1 1 1 1 1 1 1 1 1 1 1 1 1 1 1 1 1 1 1 1 1 1 1 1 1 1 1 1 1 1 1 0 0 0 0 0 0 0 0 0 0 0 0 0 0 0 0 0 0 0 0 0 0 0 0 0 0 0 0 0 0 0 0 0 0 0 0 0 0 0 0 0 0 0 0 0 0 0 0 0 0 0 0 0 0 0 0 0 0 0 0 0 0 0 0 0 0 0 0 0 0 0 0 0 0 0 0 0 0 0 0 0 0 0 0 0 0 0 0 0 0 0 0 0 0 0 0 0 0 0 0 0 0 0 0 0 0 0 0 0 0 0 0 0 0 0 0 0 0 0 0 0 0 0 0 0 0 0 0 0 0 0 0 0 0 0 0 0 0 0 0 0 0 0 0 0 0 0 0 0 0 0 0 0 0 0 0 0 0 0 0 0 0 0 0 0
label: F
Target: ▁ 居 高 临 下的
Synonym: ▁ 居 高 临 下的
*** Example ***
subtokens: <s> ▁ 随后 , 在 威 远 城 ▁ 居 高 临 下的 ▁ 火 力 支援 下 , 英 军 开始 从 县 城 东 城 墙 的 两 处 地点 开始 攻 城 。 </s> ▁而 达 内 兄弟 带着 没有 偏 见 的 镜头 , 诚 恳 写 实 地 纪录 下 这个 过程中 人们的 喜 怒 哀 乐 , 他们的 反应 可能是 温 情 、 无奈 甚至 无 情 , 影片 却 没有任何 ▁ 居 高 临 下的 ▁ 道德 绑 架 来 做出 审判 。 </s>
input_ids: 0 6 69612 4 213 18220 14062 4741 6 10721 1395 44850 41084 6 5505 2017 23795 1130 4 10732 9002 6966 1965 13522 4741 13012 4741 63444 43 6442 7646 88474 6966 35777 4741 30 2 56584 9186 3182 49790 49293 3029 21919 11415 43 198357 4 54000 249901 9449 12272 955 120219 1130 2935 27299 131843 18495 44559 111290 15240 4 28389 60668 46826 21918 5148 37 158130 7608 3759 5148 4 24504 6679 132948 6 10721 1395 44850 41084 6 62212 136660 14729 1589 29550 185374 30 2 1 1 1 1 1 1 1 1 1 1 1 1 1 1 1 1 1 1 1 1 1 1 1 1 1 1 1 1 1 1 1 1 1 1 1 1 1 1 1 1 1 1 1 1 1 1 1 1 1 1 1 1 1 1 1 1 1 1 1 1 1 1 1 1 1 1 1 1 1 1 1 1 1 1 1 1 1 1 1 1 1 1 1 1 1 1 1 1 1 1 1 1 1 1 1 1 1 1 1 1 1 1 1 1 1 1 1 1 1 1 1 1 1 1 1 1 1 1 1 1 1 1 1 1 1 1 1 1 1 1 1 1 1 1 1 1 1 1 1 1 1 1 1 1 1 1 1 1 1 1 1 1 1 1 1 1 1 1 1 1 1 1 1 1 1
input_mask: 1 1 1 1 1 1 1 1 1 1 1 1 1 1 1 1 1 1 1 1 1 1 1 1 1 1 1 1 1 1 1 1 1 1 1 1 1 1 1 1 1 1 1 1 1 1 1 1 1 1 1 1 1 1 1 1 1 1 1 1 1 1 1 1 1 1 1 1 1 1 1 1 1 1 1 1 1 1 1 1 1 1 1 1 1 1 1 1 1 1 1 0 0 0 0 0 0 0 0 0 0 0 0 0 0 0 0 0 0 0 0 0 0 0 0 0 0 0 0 0 0 0 0 0 0 0 0 0 0 0 0 0 0 0 0 0 0 0 0 0 0 0 0 0 0 0 0 0 0 0 0 0 0 0 0 0 0 0 0 0 0 0 0 0 0 0 0 0 0 0 0 0 0 0 0 0 0 0 0 0 0 0 0 0 0 0 0 0 0 0 0 0 0 0 0 0 0 0 0 0 0 0 0 0 0 0 0 0 0 0 0 0 0 0 0 0 0 0 0 0 0 0 0 0 0 0 0 0 0 0 0 0 0 0 0 0 0 0 0 0 0 0 0 0 0 0 0 0 0 0 0 0 0 0 0 0
label: F
Target: ▁ 居 高 临 下的
Synonym: ▁ 居 高 临 下的
*** Example ***
subtokens: <s> ▁Any ▁altera tions ▁which ▁it ▁is ▁propose d ▁to ▁make ▁as ▁a ▁result ▁of ▁this ▁review ▁are ▁to ▁be ▁reported ▁to ▁the ▁Inter de part mental ▁Committee ▁on ▁Chart er ▁Re per tory ▁for ▁its ▁appro val . </s> ▁Il ▁a ▁aussi ▁été ▁indiqué ▁que , ▁selon ▁les ▁dossier s ▁médica ux , ▁Justin iano ▁Hur tado ▁Torre ▁était ▁mort ▁de ▁maladie . </s>
input_ids: 0 28541 42068 5256 3129 442 83 26171 71 47 3249 237 10 16750 111 903 8347 621 47 186 113771 47 70 5337 112 17365 52796 148855 98 110373 56 853 1264 31667 100 6863 35707 1405 5 2 891 10 5206 5325 149841 41 4 34418 199 60140 7 38845 6077 4 52561 27173 11872 24738 53898 14283 17904 8 80947 5 2 1 1 1 1 1 1 1 1 1 1 1 1 1 1 1 1 1 1 1 1 1 1 1 1 1 1 1 1 1 1 1 1 1 1 1 1 1 1 1 1 1 1 1 1 1 1 1 1 1 1 1 1 1 1 1 1 1 1 1 1 1 1 1 1 1 1 1 1 1 1 1 1 1 1 1 1 1 1 1 1 1 1 1 1 1 1 1 1 1 1 1 1 1 1 1 1 1 1 1 1 1 1 1 1 1 1 1 1 1 1 1 1 1 1 1 1 1 1 1 1 1 1 1 1 1 1 1 1 1 1 1 1 1 1 1 1 1 1 1 1 1 1 1 1 1 1 1 1 1 1 1 1 1 1 1 1 1 1 1 1 1 1 1 1 1 1 1 1 1 1 1 1 1 1 1 1 1 1 1 1 1 1 1 1 1 1 1 1 1 1 1
input_mask: 1 1 1 1 1 1 1 1 1 1 1 1 1 1 1 1 1 1 1 1 1 1 1 1 1 1 1 1 1 1 1 1 1 1 1 1 1 1 1 1 1 1 1 1 1 1 1 1 1 1 1 1 1 1 1 1 1 1 1 1 1 1 1 1 1 0 0 0 0 0 0 0 0 0 0 0 0 0 0 0 0 0 0 0 0 0 0 0 0 0 0 0 0 0 0 0 0 0 0 0 0 0 0 0 0 0 0 0 0 0 0 0 0 0 0 0 0 0 0 0 0 0 0 0 0 0 0 0 0 0 0 0 0 0 0 0 0 0 0 0 0 0 0 0 0 0 0 0 0 0 0 0 0 0 0 0 0 0 0 0 0 0 0 0 0 0 0 0 0 0 0 0 0 0 0 0 0 0 0 0 0 0 0 0 0 0 0 0 0 0 0 0 0 0 0 0 0 0 0 0 0 0 0 0 0 0 0 0 0 0 0 0 0 0 0 0 0 0 0 0 0 0 0 0 0 0 0 0 0 0 0 0 0 0 0 0 0 0 0 0 0 0 0 0 0 0 0 0 0 0 0 0 0 0 0 0
label: T
Target: ▁reported
Synonym: ▁indiqué
*** Example ***
subtokens: <s> ▁Il ▁a ▁aussi ▁été ▁indiqué ▁que , ▁selon ▁les ▁dossier s ▁médica ux , ▁Justin iano ▁Hur tado ▁Torre ▁était ▁mort ▁de ▁maladie . </s> ▁Any ▁altera tions ▁which ▁it ▁is ▁propose d ▁to ▁make ▁as ▁a ▁result ▁of ▁this ▁review ▁are ▁to ▁be ▁reported ▁to ▁the ▁Inter de part mental ▁Committee ▁on ▁Chart er ▁Re per tory ▁for ▁its ▁appro val . </s>
input_ids: 0 891 10 5206 5325 149841 41 4 34418 199 60140 7 38845 6077 4 52561 27173 11872 24738 53898 14283 17904 8 80947 5 2 28541 42068 5256 3129 442 83 26171 71 47 3249 237 10 16750 111 903 8347 621 47 186 113771 47 70 5337 112 17365 52796 148855 98 110373 56 853 1264 31667 100 6863 35707 1405 5 2 1 1 1 1 1 1 1 1 1 1 1 1 1 1 1 1 1 1 1 1 1 1 1 1 1 1 1 1 1 1 1 1 1 1 1 1 1 1 1 1 1 1 1 1 1 1 1 1 1 1 1 1 1 1 1 1 1 1 1 1 1 1 1 1 1 1 1 1 1 1 1 1 1 1 1 1 1 1 1 1 1 1 1 1 1 1 1 1 1 1 1 1 1 1 1 1 1 1 1 1 1 1 1 1 1 1 1 1 1 1 1 1 1 1 1 1 1 1 1 1 1 1 1 1 1 1 1 1 1 1 1 1 1 1 1 1 1 1 1 1 1 1 1 1 1 1 1 1 1 1 1 1 1 1 1 1 1 1 1 1 1 1 1 1 1 1 1 1 1 1 1 1 1 1 1 1 1 1 1 1 1 1 1 1 1 1 1 1 1 1 1
input_mask: 1 1 1 1 1 1 1 1 1 1 1 1 1 1 1 1 1 1 1 1 1 1 1 1 1 1 1 1 1 1 1 1 1 1 1 1 1 1 1 1 1 1 1 1 1 1 1 1 1 1 1 1 1 1 1 1 1 1 1 1 1 1 1 1 1 0 0 0 0 0 0 0 0 0 0 0 0 0 0 0 0 0 0 0 0 0 0 0 0 0 0 0 0 0 0 0 0 0 0 0 0 0 0 0 0 0 0 0 0 0 0 0 0 0 0 0 0 0 0 0 0 0 0 0 0 0 0 0 0 0 0 0 0 0 0 0 0 0 0 0 0 0 0 0 0 0 0 0 0 0 0 0 0 0 0 0 0 0 0 0 0 0 0 0 0 0 0 0 0 0 0 0 0 0 0 0 0 0 0 0 0 0 0 0 0 0 0 0 0 0 0 0 0 0 0 0 0 0 0 0 0 0 0 0 0 0 0 0 0 0 0 0 0 0 0 0 0 0 0 0 0 0 0 0 0 0 0 0 0 0 0 0 0 0 0 0 0 0 0 0 0 0 0 0 0 0 0 0 0 0 0 0 0 0 0 0
label: T
Target: ▁indiqué
Synonym: ▁reported
*** Example ***
subtokens: <s> ▁Any ▁altera tions ▁which ▁it ▁is ▁propose d ▁to ▁make ▁as ▁a ▁result ▁of ▁this ▁review ▁are ▁to ▁be ▁reported ▁to ▁the ▁Inter de part mental ▁Committee ▁on ▁Chart er ▁Re per tory ▁for ▁its ▁appro val . </s> ▁Les ▁participants ▁fer ont ▁rapport ▁directement ▁aux ▁autorités ▁compétent es ▁de ▁leurs ▁pays . </s>
input_ids: 0 28541 42068 5256 3129 442 83 26171 71 47 3249 237 10 16750 111 903 8347 621 47 186 113771 47 70 5337 112 17365 52796 148855 98 110373 56 853 1264 31667 100 6863 35707 1405 5 2 1734 56480 1592 7934 16568 84626 2970 186809 237267 90 8 14723 19859 5 2 1 1 1 1 1 1 1 1 1 1 1 1 1 1 1 1 1 1 1 1 1 1 1 1 1 1 1 1 1 1 1 1 1 1 1 1 1 1 1 1 1 1 1 1 1 1 1 1 1 1 1 1 1 1 1 1 1 1 1 1 1 1 1 1 1 1 1 1 1 1 1 1 1 1 1 1 1 1 1 1 1 1 1 1 1 1 1 1 1 1 1 1 1 1 1 1 1 1 1 1 1 1 1 1 1 1 1 1 1 1 1 1 1 1 1 1 1 1 1 1 1 1 1 1 1 1 1 1 1 1 1 1 1 1 1 1 1 1 1 1 1 1 1 1 1 1 1 1 1 1 1 1 1 1 1 1 1 1 1 1 1 1 1 1 1 1 1 1 1 1 1 1 1 1 1 1 1 1 1 1 1 1 1 1 1 1 1 1 1 1 1 1 1 1 1 1 1 1 1 1 1
input_mask: 1 1 1 1 1 1 1 1 1 1 1 1 1 1 1 1 1 1 1 1 1 1 1 1 1 1 1 1 1 1 1 1 1 1 1 1 1 1 1 1 1 1 1 1 1 1 1 1 1 1 1 1 1 1 1 0 0 0 0 0 0 0 0 0 0 0 0 0 0 0 0 0 0 0 0 0 0 0 0 0 0 0 0 0 0 0 0 0 0 0 0 0 0 0 0 0 0 0 0 0 0 0 0 0 0 0 0 0 0 0 0 0 0 0 0 0 0 0 0 0 0 0 0 0 0 0 0 0 0 0 0 0 0 0 0 0 0 0 0 0 0 0 0 0 0 0 0 0 0 0 0 0 0 0 0 0 0 0 0 0 0 0 0 0 0 0 0 0 0 0 0 0 0 0 0 0 0 0 0 0 0 0 0 0 0 0 0 0 0 0 0 0 0 0 0 0 0 0 0 0 0 0 0 0 0 0 0 0 0 0 0 0 0 0 0 0 0 0 0 0 0 0 0 0 0 0 0 0 0 0 0 0 0 0 0 0 0 0 0 0 0 0 0 0 0 0 0 0 0 0 0 0 0 0 0 0
label: T
Target: ▁reported
Synonym: ▁fer ont ▁rapport
*** Example ***
subtokens: <s> ▁Les ▁participants ▁fer ont ▁rapport ▁directement ▁aux ▁autorités ▁compétent es ▁de ▁leurs ▁pays . </s> ▁Any ▁altera tions ▁which ▁it ▁is ▁propose d ▁to ▁make ▁as ▁a ▁result ▁of ▁this ▁review ▁are ▁to ▁be ▁reported ▁to ▁the ▁Inter de part mental ▁Committee ▁on ▁Chart er ▁Re per tory ▁for ▁its ▁appro val . </s>
input_ids: 0 1734 56480 1592 7934 16568 84626 2970 186809 237267 90 8 14723 19859 5 2 28541 42068 5256 3129 442 83 26171 71 47 3249 237 10 16750 111 903 8347 621 47 186 113771 47 70 5337 112 17365 52796 148855 98 110373 56 853 1264 31667 100 6863 35707 1405 5 2 1 1 1 1 1 1 1 1 1 1 1 1 1 1 1 1 1 1 1 1 1 1 1 1 1 1 1 1 1 1 1 1 1 1 1 1 1 1 1 1 1 1 1 1 1 1 1 1 1 1 1 1 1 1 1 1 1 1 1 1 1 1 1 1 1 1 1 1 1 1 1 1 1 1 1 1 1 1 1 1 1 1 1 1 1 1 1 1 1 1 1 1 1 1 1 1 1 1 1 1 1 1 1 1 1 1 1 1 1 1 1 1 1 1 1 1 1 1 1 1 1 1 1 1 1 1 1 1 1 1 1 1 1 1 1 1 1 1 1 1 1 1 1 1 1 1 1 1 1 1 1 1 1 1 1 1 1 1 1 1 1 1 1 1 1 1 1 1 1 1 1 1 1 1 1 1 1 1 1 1 1 1 1 1 1 1 1 1 1 1 1 1 1 1 1 1 1 1 1 1 1
input_mask: 1 1 1 1 1 1 1 1 1 1 1 1 1 1 1 1 1 1 1 1 1 1 1 1 1 1 1 1 1 1 1 1 1 1 1 1 1 1 1 1 1 1 1 1 1 1 1 1 1 1 1 1 1 1 1 0 0 0 0 0 0 0 0 0 0 0 0 0 0 0 0 0 0 0 0 0 0 0 0 0 0 0 0 0 0 0 0 0 0 0 0 0 0 0 0 0 0 0 0 0 0 0 0 0 0 0 0 0 0 0 0 0 0 0 0 0 0 0 0 0 0 0 0 0 0 0 0 0 0 0 0 0 0 0 0 0 0 0 0 0 0 0 0 0 0 0 0 0 0 0 0 0 0 0 0 0 0 0 0 0 0 0 0 0 0 0 0 0 0 0 0 0 0 0 0 0 0 0 0 0 0 0 0 0 0 0 0 0 0 0 0 0 0 0 0 0 0 0 0 0 0 0 0 0 0 0 0 0 0 0 0 0 0 0 0 0 0 0 0 0 0 0 0 0 0 0 0 0 0 0 0 0 0 0 0 0 0 0 0 0 0 0 0 0 0 0 0 0 0 0 0 0 0 0 0 0
label: T
Target: ▁fer ont ▁rapport
Synonym: ▁reported
Writing example 10000 of 21736
Writing example 10001 of 21736
Not fitted examples percentage: 0.0
***** Training *****
  Num examples = 21736
  Batch size = 1
  Num steps = 7119
Writing example 0 of 4408
*** Example ***
subtokens: <s> ▁No ▁claus e ▁in ▁a ▁contract ▁shall ▁be ▁interpret ed ▁as ▁eva ding ▁the ▁responsibility ▁of ▁superior s ▁under ▁international ▁law . </s> ▁While ▁fully ▁aware ▁that ▁bi shop s ▁and ▁major ▁superior s ▁of ▁religious ▁institut es ▁do ▁not ▁act ▁as ▁representativ es ▁or ▁delegat es ▁of ▁the ▁Roman ▁Ponti ff , ▁the ▁Committee ▁notes ▁that ▁subordin ates ▁in ▁Catholic ▁religious ▁order s ▁are ▁ bound ▁by ▁o bedi ence ▁to ▁the ▁Pop e , ▁in ▁accordance ▁with ▁Canon s ▁3 31 ▁and ▁ 590 ▁of ▁the ▁Code ▁of ▁canon ▁Law . </s>
input_ids: 0 438 70731 13 23 10 18264 35299 186 29481 297 237 70890 6238 70 153579 111 14597 7 1379 21640 27165 5 2 51404 89554 107419 450 333 10534 7 136 13036 14597 7 111 167821 32872 90 54 959 27992 237 99638 90 707 102329 90 111 70 12610 102676 4902 4 70 148855 73048 450 163888 63614 23 129574 167821 12989 7 621 6 99091 390 36 115089 6620 47 70 11584 13 4 23 213246 678 45286 7 138 5016 136 6 116708 111 70 28864 111 74413 36293 5 2 1 1 1 1 1 1 1 1 1 1 1 1 1 1 1 1 1 1 1 1 1 1 1 1 1 1 1 1 1 1 1 1 1 1 1 1 1 1 1 1 1 1 1 1 1 1 1 1 1 1 1 1 1 1 1 1 1 1 1 1 1 1 1 1 1 1 1 1 1 1 1 1 1 1 1 1 1 1 1 1 1 1 1 1 1 1 1 1 1 1 1 1 1 1 1 1 1 1 1 1 1 1 1 1 1 1 1 1 1 1 1 1 1 1 1 1 1 1 1 1 1 1 1 1 1 1 1 1 1 1 1 1 1 1 1 1 1 1 1 1 1 1 1 1 1 1 1 1 1 1 1 1 1 1 1 1 1 1 1 1 1
input_mask: 1 1 1 1 1 1 1 1 1 1 1 1 1 1 1 1 1 1 1 1 1 1 1 1 1 1 1 1 1 1 1 1 1 1 1 1 1 1 1 1 1 1 1 1 1 1 1 1 1 1 1 1 1 1 1 1 1 1 1 1 1 1 1 1 1 1 1 1 1 1 1 1 1 1 1 1 1 1 1 1 1 1 1 1 1 1 1 1 1 1 1 1 1 1 1 0 0 0 0 0 0 0 0 0 0 0 0 0 0 0 0 0 0 0 0 0 0 0 0 0 0 0 0 0 0 0 0 0 0 0 0 0 0 0 0 0 0 0 0 0 0 0 0 0 0 0 0 0 0 0 0 0 0 0 0 0 0 0 0 0 0 0 0 0 0 0 0 0 0 0 0 0 0 0 0 0 0 0 0 0 0 0 0 0 0 0 0 0 0 0 0 0 0 0 0 0 0 0 0 0 0 0 0 0 0 0 0 0 0 0 0 0 0 0 0 0 0 0 0 0 0 0 0 0 0 0 0 0 0 0 0 0 0 0 0 0 0 0 0 0 0 0 0 0 0 0 0 0 0 0 0 0 0 0 0 0
label: F
Target: ▁superior s
Synonym: ▁superior s
Writing example 1 of 4408
*** Example ***
subtokens: <s> ▁While ▁fully ▁aware ▁that ▁bi shop s ▁and ▁major ▁superior s ▁of ▁religious ▁institut es ▁do ▁not ▁act ▁as ▁representativ es ▁or ▁delegat es ▁of ▁the ▁Roman ▁Ponti ff , ▁the ▁Committee ▁notes ▁that ▁subordin ates ▁in ▁Catholic ▁religious ▁order s ▁are ▁ bound ▁by ▁o bedi ence ▁to ▁the ▁Pop e , ▁in ▁accordance ▁with ▁Canon s ▁3 31 ▁and ▁ 590 ▁of ▁the ▁Code ▁of ▁canon ▁Law . </s> ▁No ▁claus e ▁in ▁a ▁contract ▁shall ▁be ▁interpret ed ▁as ▁eva ding ▁the ▁responsibility ▁of ▁superior s ▁under ▁international ▁law . </s>
input_ids: 0 51404 89554 107419 450 333 10534 7 136 13036 14597 7 111 167821 32872 90 54 959 27992 237 99638 90 707 102329 90 111 70 12610 102676 4902 4 70 148855 73048 450 163888 63614 23 129574 167821 12989 7 621 6 99091 390 36 115089 6620 47 70 11584 13 4 23 213246 678 45286 7 138 5016 136 6 116708 111 70 28864 111 74413 36293 5 2 438 70731 13 23 10 18264 35299 186 29481 297 237 70890 6238 70 153579 111 14597 7 1379 21640 27165 5 2 1 1 1 1 1 1 1 1 1 1 1 1 1 1 1 1 1 1 1 1 1 1 1 1 1 1 1 1 1 1 1 1 1 1 1 1 1 1 1 1 1 1 1 1 1 1 1 1 1 1 1 1 1 1 1 1 1 1 1 1 1 1 1 1 1 1 1 1 1 1 1 1 1 1 1 1 1 1 1 1 1 1 1 1 1 1 1 1 1 1 1 1 1 1 1 1 1 1 1 1 1 1 1 1 1 1 1 1 1 1 1 1 1 1 1 1 1 1 1 1 1 1 1 1 1 1 1 1 1 1 1 1 1 1 1 1 1 1 1 1 1 1 1 1 1 1 1 1 1 1 1 1 1 1 1 1 1 1 1 1 1
input_mask: 1 1 1 1 1 1 1 1 1 1 1 1 1 1 1 1 1 1 1 1 1 1 1 1 1 1 1 1 1 1 1 1 1 1 1 1 1 1 1 1 1 1 1 1 1 1 1 1 1 1 1 1 1 1 1 1 1 1 1 1 1 1 1 1 1 1 1 1 1 1 1 1 1 1 1 1 1 1 1 1 1 1 1 1 1 1 1 1 1 1 1 1 1 1 1 0 0 0 0 0 0 0 0 0 0 0 0 0 0 0 0 0 0 0 0 0 0 0 0 0 0 0 0 0 0 0 0 0 0 0 0 0 0 0 0 0 0 0 0 0 0 0 0 0 0 0 0 0 0 0 0 0 0 0 0 0 0 0 0 0 0 0 0 0 0 0 0 0 0 0 0 0 0 0 0 0 0 0 0 0 0 0 0 0 0 0 0 0 0 0 0 0 0 0 0 0 0 0 0 0 0 0 0 0 0 0 0 0 0 0 0 0 0 0 0 0 0 0 0 0 0 0 0 0 0 0 0 0 0 0 0 0 0 0 0 0 0 0 0 0 0 0 0 0 0 0 0 0 0 0 0 0 0 0 0 0
label: F
Target: ▁superior s
Synonym: ▁superior s
*** Example ***
subtokens: <s> ▁No ▁claus e ▁in ▁a ▁contract ▁shall ▁be ▁interpret ed ▁as ▁eva ding ▁the ▁responsibility ▁of ▁superior s ▁under ▁international ▁law . </s> ▁In ▁Senegal ▁too , ▁the ▁custom s ▁officer ▁and ▁his ▁superior s ▁receive ▁a ▁premium ▁in ▁case ▁of ▁detect ing ▁and ▁prevent ing ▁smug g ling . </s>
input_ids: 0 438 70731 13 23 10 18264 35299 186 29481 297 237 70890 6238 70 153579 111 14597 7 1379 21640 27165 5 2 360 167576 5792 4 70 114122 7 93324 136 1919 14597 7 53299 10 55941 23 7225 111 96391 214 136 56282 214 220845 177 2069 5 2 1 1 1 1 1 1 1 1 1 1 1 1 1 1 1 1 1 1 1 1 1 1 1 1 1 1 1 1 1 1 1 1 1 1 1 1 1 1 1 1 1 1 1 1 1 1 1 1 1 1 1 1 1 1 1 1 1 1 1 1 1 1 1 1 1 1 1 1 1 1 1 1 1 1 1 1 1 1 1 1 1 1 1 1 1 1 1 1 1 1 1 1 1 1 1 1 1 1 1 1 1 1 1 1 1 1 1 1 1 1 1 1 1 1 1 1 1 1 1 1 1 1 1 1 1 1 1 1 1 1 1 1 1 1 1 1 1 1 1 1 1 1 1 1 1 1 1 1 1 1 1 1 1 1 1 1 1 1 1 1 1 1 1 1 1 1 1 1 1 1 1 1 1 1 1 1 1 1 1 1 1 1 1 1 1 1 1 1 1 1 1 1 1 1 1 1 1 1 1 1 1 1 1 1
input_mask: 1 1 1 1 1 1 1 1 1 1 1 1 1 1 1 1 1 1 1 1 1 1 1 1 1 1 1 1 1 1 1 1 1 1 1 1 1 1 1 1 1 1 1 1 1 1 1 1 1 1 1 1 0 0 0 0 0 0 0 0 0 0 0 0 0 0 0 0 0 0 0 0 0 0 0 0 0 0 0 0 0 0 0 0 0 0 0 0 0 0 0 0 0 0 0 0 0 0 0 0 0 0 0 0 0 0 0 0 0 0 0 0 0 0 0 0 0 0 0 0 0 0 0 0 0 0 0 0 0 0 0 0 0 0 0 0 0 0 0 0 0 0 0 0 0 0 0 0 0 0 0 0 0 0 0 0 0 0 0 0 0 0 0 0 0 0 0 0 0 0 0 0 0 0 0 0 0 0 0 0 0 0 0 0 0 0 0 0 0 0 0 0 0 0 0 0 0 0 0 0 0 0 0 0 0 0 0 0 0 0 0 0 0 0 0 0 0 0 0 0 0 0 0 0 0 0 0 0 0 0 0 0 0 0 0 0 0 0 0 0 0 0 0 0 0 0 0 0 0 0 0 0 0 0 0 0
label: T
Target: ▁superior s
Synonym: ▁superior s
*** Example ***
subtokens: <s> ▁In ▁Senegal ▁too , ▁the ▁custom s ▁officer ▁and ▁his ▁superior s ▁receive ▁a ▁premium ▁in ▁case ▁of ▁detect ing ▁and ▁prevent ing ▁smug g ling . </s> ▁No ▁claus e ▁in ▁a ▁contract ▁shall ▁be ▁interpret ed ▁as ▁eva ding ▁the ▁responsibility ▁of ▁superior s ▁under ▁international ▁law . </s>
input_ids: 0 360 167576 5792 4 70 114122 7 93324 136 1919 14597 7 53299 10 55941 23 7225 111 96391 214 136 56282 214 220845 177 2069 5 2 438 70731 13 23 10 18264 35299 186 29481 297 237 70890 6238 70 153579 111 14597 7 1379 21640 27165 5 2 1 1 1 1 1 1 1 1 1 1 1 1 1 1 1 1 1 1 1 1 1 1 1 1 1 1 1 1 1 1 1 1 1 1 1 1 1 1 1 1 1 1 1 1 1 1 1 1 1 1 1 1 1 1 1 1 1 1 1 1 1 1 1 1 1 1 1 1 1 1 1 1 1 1 1 1 1 1 1 1 1 1 1 1 1 1 1 1 1 1 1 1 1 1 1 1 1 1 1 1 1 1 1 1 1 1 1 1 1 1 1 1 1 1 1 1 1 1 1 1 1 1 1 1 1 1 1 1 1 1 1 1 1 1 1 1 1 1 1 1 1 1 1 1 1 1 1 1 1 1 1 1 1 1 1 1 1 1 1 1 1 1 1 1 1 1 1 1 1 1 1 1 1 1 1 1 1 1 1 1 1 1 1 1 1 1 1 1 1 1 1 1 1 1 1 1 1 1 1 1 1 1 1 1
input_mask: 1 1 1 1 1 1 1 1 1 1 1 1 1 1 1 1 1 1 1 1 1 1 1 1 1 1 1 1 1 1 1 1 1 1 1 1 1 1 1 1 1 1 1 1 1 1 1 1 1 1 1 1 0 0 0 0 0 0 0 0 0 0 0 0 0 0 0 0 0 0 0 0 0 0 0 0 0 0 0 0 0 0 0 0 0 0 0 0 0 0 0 0 0 0 0 0 0 0 0 0 0 0 0 0 0 0 0 0 0 0 0 0 0 0 0 0 0 0 0 0 0 0 0 0 0 0 0 0 0 0 0 0 0 0 0 0 0 0 0 0 0 0 0 0 0 0 0 0 0 0 0 0 0 0 0 0 0 0 0 0 0 0 0 0 0 0 0 0 0 0 0 0 0 0 0 0 0 0 0 0 0 0 0 0 0 0 0 0 0 0 0 0 0 0 0 0 0 0 0 0 0 0 0 0 0 0 0 0 0 0 0 0 0 0 0 0 0 0 0 0 0 0 0 0 0 0 0 0 0 0 0 0 0 0 0 0 0 0 0 0 0 0 0 0 0 0 0 0 0 0 0 0 0 0 0 0
label: T
Target: ▁superior s
Synonym: ▁superior s
*** Example ***
subtokens: <s> ▁Such ▁acqua inta nce ▁is ▁a ▁right ▁and ▁not ▁an ▁obliga tion ▁for ▁an ▁accu sed . </s> ▁The ▁complaint s ▁tend ▁to ▁be ▁lod ged ▁against ▁acqua int ances ▁ , ▁who ▁may ▁be ▁in ▁the ▁individual ’ s ▁immediate ▁en tour age . </s>
input_ids: 0 62771 54639 7351 3956 83 10 7108 136 959 142 17808 1363 100 142 61689 5281 5 2 581 180732 7 17660 47 186 45314 17704 26548 54639 4288 60502 6 4 2750 1543 186 23 70 11651 26 7 168894 22 28889 4588 5 2 1 1 1 1 1 1 1 1 1 1 1 1 1 1 1 1 1 1 1 1 1 1 1 1 1 1 1 1 1 1 1 1 1 1 1 1 1 1 1 1 1 1 1 1 1 1 1 1 1 1 1 1 1 1 1 1 1 1 1 1 1 1 1 1 1 1 1 1 1 1 1 1 1 1 1 1 1 1 1 1 1 1 1 1 1 1 1 1 1 1 1 1 1 1 1 1 1 1 1 1 1 1 1 1 1 1 1 1 1 1 1 1 1 1 1 1 1 1 1 1 1 1 1 1 1 1 1 1 1 1 1 1 1 1 1 1 1 1 1 1 1 1 1 1 1 1 1 1 1 1 1 1 1 1 1 1 1 1 1 1 1 1 1 1 1 1 1 1 1 1 1 1 1 1 1 1 1 1 1 1 1 1 1 1 1 1 1 1 1 1 1 1 1 1 1 1 1 1 1 1 1 1 1 1 1 1 1 1 1
input_mask: 1 1 1 1 1 1 1 1 1 1 1 1 1 1 1 1 1 1 1 1 1 1 1 1 1 1 1 1 1 1 1 1 1 1 1 1 1 1 1 1 1 1 1 1 1 1 1 0 0 0 0 0 0 0 0 0 0 0 0 0 0 0 0 0 0 0 0 0 0 0 0 0 0 0 0 0 0 0 0 0 0 0 0 0 0 0 0 0 0 0 0 0 0 0 0 0 0 0 0 0 0 0 0 0 0 0 0 0 0 0 0 0 0 0 0 0 0 0 0 0 0 0 0 0 0 0 0 0 0 0 0 0 0 0 0 0 0 0 0 0 0 0 0 0 0 0 0 0 0 0 0 0 0 0 0 0 0 0 0 0 0 0 0 0 0 0 0 0 0 0 0 0 0 0 0 0 0 0 0 0 0 0 0 0 0 0 0 0 0 0 0 0 0 0 0 0 0 0 0 0 0 0 0 0 0 0 0 0 0 0 0 0 0 0 0 0 0 0 0 0 0 0 0 0 0 0 0 0 0 0 0 0 0 0 0 0 0 0 0 0 0 0 0 0 0 0 0 0 0 0 0 0 0 0 0 0
label: F
Target: ▁acqua inta nce
Synonym: ▁acqua int ances
*** Example ***
subtokens: <s> ▁The ▁complaint s ▁tend ▁to ▁be ▁lod ged ▁against ▁acqua int ances ▁ , ▁who ▁may ▁be ▁in ▁the ▁individual ’ s ▁immediate ▁en tour age . </s> ▁Such ▁acqua inta nce ▁is ▁a ▁right ▁and ▁not ▁an ▁obliga tion ▁for ▁an ▁accu sed . </s>
input_ids: 0 581 180732 7 17660 47 186 45314 17704 26548 54639 4288 60502 6 4 2750 1543 186 23 70 11651 26 7 168894 22 28889 4588 5 2 62771 54639 7351 3956 83 10 7108 136 959 142 17808 1363 100 142 61689 5281 5 2 1 1 1 1 1 1 1 1 1 1 1 1 1 1 1 1 1 1 1 1 1 1 1 1 1 1 1 1 1 1 1 1 1 1 1 1 1 1 1 1 1 1 1 1 1 1 1 1 1 1 1 1 1 1 1 1 1 1 1 1 1 1 1 1 1 1 1 1 1 1 1 1 1 1 1 1 1 1 1 1 1 1 1 1 1 1 1 1 1 1 1 1 1 1 1 1 1 1 1 1 1 1 1 1 1 1 1 1 1 1 1 1 1 1 1 1 1 1 1 1 1 1 1 1 1 1 1 1 1 1 1 1 1 1 1 1 1 1 1 1 1 1 1 1 1 1 1 1 1 1 1 1 1 1 1 1 1 1 1 1 1 1 1 1 1 1 1 1 1 1 1 1 1 1 1 1 1 1 1 1 1 1 1 1 1 1 1 1 1 1 1 1 1 1 1 1 1 1 1 1 1 1 1 1 1 1 1 1 1
input_mask: 1 1 1 1 1 1 1 1 1 1 1 1 1 1 1 1 1 1 1 1 1 1 1 1 1 1 1 1 1 1 1 1 1 1 1 1 1 1 1 1 1 1 1 1 1 1 1 0 0 0 0 0 0 0 0 0 0 0 0 0 0 0 0 0 0 0 0 0 0 0 0 0 0 0 0 0 0 0 0 0 0 0 0 0 0 0 0 0 0 0 0 0 0 0 0 0 0 0 0 0 0 0 0 0 0 0 0 0 0 0 0 0 0 0 0 0 0 0 0 0 0 0 0 0 0 0 0 0 0 0 0 0 0 0 0 0 0 0 0 0 0 0 0 0 0 0 0 0 0 0 0 0 0 0 0 0 0 0 0 0 0 0 0 0 0 0 0 0 0 0 0 0 0 0 0 0 0 0 0 0 0 0 0 0 0 0 0 0 0 0 0 0 0 0 0 0 0 0 0 0 0 0 0 0 0 0 0 0 0 0 0 0 0 0 0 0 0 0 0 0 0 0 0 0 0 0 0 0 0 0 0 0 0 0 0 0 0 0 0 0 0 0 0 0 0 0 0 0 0 0 0 0 0 0 0 0
label: F
Target: ▁acqua int ances
Synonym: ▁acqua inta nce
*** Example ***
subtokens: <s> ▁Such ▁acqua inta nce ▁is ▁a ▁right ▁and ▁not ▁an ▁obliga tion ▁for ▁an ▁accu sed . </s> ▁Sexual ▁violence ▁by ▁non - partner s ▁refer s ▁to ▁violence ▁by ▁a ▁relative , ▁friend , ▁acqua inta nce ▁ , ▁ne igh bour , ▁work ▁colle a gue ▁or ▁strange r . </s>
input_ids: 0 62771 54639 7351 3956 83 10 7108 136 959 142 17808 1363 100 142 61689 5281 5 2 169801 95319 390 351 9 27649 7 15005 7 47 95319 390 10 35845 4 34391 4 54639 7351 3956 6 4 108 6958 38648 4 4488 62975 11 6261 707 114453 42 5 2 1 1 1 1 1 1 1 1 1 1 1 1 1 1 1 1 1 1 1 1 1 1 1 1 1 1 1 1 1 1 1 1 1 1 1 1 1 1 1 1 1 1 1 1 1 1 1 1 1 1 1 1 1 1 1 1 1 1 1 1 1 1 1 1 1 1 1 1 1 1 1 1 1 1 1 1 1 1 1 1 1 1 1 1 1 1 1 1 1 1 1 1 1 1 1 1 1 1 1 1 1 1 1 1 1 1 1 1 1 1 1 1 1 1 1 1 1 1 1 1 1 1 1 1 1 1 1 1 1 1 1 1 1 1 1 1 1 1 1 1 1 1 1 1 1 1 1 1 1 1 1 1 1 1 1 1 1 1 1 1 1 1 1 1 1 1 1 1 1 1 1 1 1 1 1 1 1 1 1 1 1 1 1 1 1 1 1 1 1 1 1 1 1 1 1 1 1 1 1 1 1 1
input_mask: 1 1 1 1 1 1 1 1 1 1 1 1 1 1 1 1 1 1 1 1 1 1 1 1 1 1 1 1 1 1 1 1 1 1 1 1 1 1 1 1 1 1 1 1 1 1 1 1 1 1 1 1 1 1 0 0 0 0 0 0 0 0 0 0 0 0 0 0 0 0 0 0 0 0 0 0 0 0 0 0 0 0 0 0 0 0 0 0 0 0 0 0 0 0 0 0 0 0 0 0 0 0 0 0 0 0 0 0 0 0 0 0 0 0 0 0 0 0 0 0 0 0 0 0 0 0 0 0 0 0 0 0 0 0 0 0 0 0 0 0 0 0 0 0 0 0 0 0 0 0 0 0 0 0 0 0 0 0 0 0 0 0 0 0 0 0 0 0 0 0 0 0 0 0 0 0 0 0 0 0 0 0 0 0 0 0 0 0 0 0 0 0 0 0 0 0 0 0 0 0 0 0 0 0 0 0 0 0 0 0 0 0 0 0 0 0 0 0 0 0 0 0 0 0 0 0 0 0 0 0 0 0 0 0 0 0 0 0 0 0 0 0 0 0 0 0 0 0 0 0 0 0 0 0 0 0
label: F
Target: ▁acqua inta nce
Synonym: ▁acqua inta nce
*** Example ***
subtokens: <s> ▁Sexual ▁violence ▁by ▁non - partner s ▁refer s ▁to ▁violence ▁by ▁a ▁relative , ▁friend , ▁acqua inta nce ▁ , ▁ne igh bour , ▁work ▁colle a gue ▁or ▁strange r . </s> ▁Such ▁acqua inta nce ▁is ▁a ▁right ▁and ▁not ▁an ▁obliga tion ▁for ▁an ▁accu sed . </s>
input_ids: 0 169801 95319 390 351 9 27649 7 15005 7 47 95319 390 10 35845 4 34391 4 54639 7351 3956 6 4 108 6958 38648 4 4488 62975 11 6261 707 114453 42 5 2 62771 54639 7351 3956 83 10 7108 136 959 142 17808 1363 100 142 61689 5281 5 2 1 1 1 1 1 1 1 1 1 1 1 1 1 1 1 1 1 1 1 1 1 1 1 1 1 1 1 1 1 1 1 1 1 1 1 1 1 1 1 1 1 1 1 1 1 1 1 1 1 1 1 1 1 1 1 1 1 1 1 1 1 1 1 1 1 1 1 1 1 1 1 1 1 1 1 1 1 1 1 1 1 1 1 1 1 1 1 1 1 1 1 1 1 1 1 1 1 1 1 1 1 1 1 1 1 1 1 1 1 1 1 1 1 1 1 1 1 1 1 1 1 1 1 1 1 1 1 1 1 1 1 1 1 1 1 1 1 1 1 1 1 1 1 1 1 1 1 1 1 1 1 1 1 1 1 1 1 1 1 1 1 1 1 1 1 1 1 1 1 1 1 1 1 1 1 1 1 1 1 1 1 1 1 1 1 1 1 1 1 1 1 1 1 1 1 1 1 1 1 1 1 1
input_mask: 1 1 1 1 1 1 1 1 1 1 1 1 1 1 1 1 1 1 1 1 1 1 1 1 1 1 1 1 1 1 1 1 1 1 1 1 1 1 1 1 1 1 1 1 1 1 1 1 1 1 1 1 1 1 0 0 0 0 0 0 0 0 0 0 0 0 0 0 0 0 0 0 0 0 0 0 0 0 0 0 0 0 0 0 0 0 0 0 0 0 0 0 0 0 0 0 0 0 0 0 0 0 0 0 0 0 0 0 0 0 0 0 0 0 0 0 0 0 0 0 0 0 0 0 0 0 0 0 0 0 0 0 0 0 0 0 0 0 0 0 0 0 0 0 0 0 0 0 0 0 0 0 0 0 0 0 0 0 0 0 0 0 0 0 0 0 0 0 0 0 0 0 0 0 0 0 0 0 0 0 0 0 0 0 0 0 0 0 0 0 0 0 0 0 0 0 0 0 0 0 0 0 0 0 0 0 0 0 0 0 0 0 0 0 0 0 0 0 0 0 0 0 0 0 0 0 0 0 0 0 0 0 0 0 0 0 0 0 0 0 0 0 0 0 0 0 0 0 0 0 0 0 0 0 0 0
label: F
Target: ▁acqua inta nce
Synonym: ▁acqua inta nce
*** Example ***
subtokens: <s> ▁Where ▁any ▁bag ga ge ▁of ▁any ▁passen ger ▁contain s ▁fire arm s ▁or ▁any ▁other ▁prohibi ted ▁good s ▁these ▁person s ▁are ▁turned ▁over ▁to ▁the ▁police ▁for ▁pro secuti on . </s> ▁In ▁my ▁bag ga ge ▁I ▁had ▁a ▁Hungari an ▁gramm ar ▁book ▁and ▁di ction a ries ▁but ▁the ▁police ▁did ▁not ▁allow ▁me ▁to ▁study ▁Hungari an . </s>
input_ids: 0 78662 2499 6157 208 429 111 2499 44828 1505 70541 7 11476 56859 7 707 2499 3789 63323 3674 4127 7 6097 3445 7 621 69347 645 47 70 35206 100 502 166643 191 5 2 360 759 6157 208 429 87 1902 10 112465 66 122092 147 12877 136 45 10763 11 10484 1284 70 35206 6777 959 63769 163 47 35187 112465 66 5 2 1 1 1 1 1 1 1 1 1 1 1 1 1 1 1 1 1 1 1 1 1 1 1 1 1 1 1 1 1 1 1 1 1 1 1 1 1 1 1 1 1 1 1 1 1 1 1 1 1 1 1 1 1 1 1 1 1 1 1 1 1 1 1 1 1 1 1 1 1 1 1 1 1 1 1 1 1 1 1 1 1 1 1 1 1 1 1 1 1 1 1 1 1 1 1 1 1 1 1 1 1 1 1 1 1 1 1 1 1 1 1 1 1 1 1 1 1 1 1 1 1 1 1 1 1 1 1 1 1 1 1 1 1 1 1 1 1 1 1 1 1 1 1 1 1 1 1 1 1 1 1 1 1 1 1 1 1 1 1 1 1 1 1 1 1 1 1 1 1 1 1 1 1 1 1 1 1 1 1 1 1 1 1 1 1 1 1 1
input_mask: 1 1 1 1 1 1 1 1 1 1 1 1 1 1 1 1 1 1 1 1 1 1 1 1 1 1 1 1 1 1 1 1 1 1 1 1 1 1 1 1 1 1 1 1 1 1 1 1 1 1 1 1 1 1 1 1 1 1 1 1 1 1 1 1 1 1 1 1 0 0 0 0 0 0 0 0 0 0 0 0 0 0 0 0 0 0 0 0 0 0 0 0 0 0 0 0 0 0 0 0 0 0 0 0 0 0 0 0 0 0 0 0 0 0 0 0 0 0 0 0 0 0 0 0 0 0 0 0 0 0 0 0 0 0 0 0 0 0 0 0 0 0 0 0 0 0 0 0 0 0 0 0 0 0 0 0 0 0 0 0 0 0 0 0 0 0 0 0 0 0 0 0 0 0 0 0 0 0 0 0 0 0 0 0 0 0 0 0 0 0 0 0 0 0 0 0 0 0 0 0 0 0 0 0 0 0 0 0 0 0 0 0 0 0 0 0 0 0 0 0 0 0 0 0 0 0 0 0 0 0 0 0 0 0 0 0 0 0 0 0 0 0 0 0 0 0 0 0 0 0 0 0 0 0 0 0
label: T
Target: ▁bag ga ge
Synonym: ▁bag ga ge
*** Example ***
subtokens: <s> ▁In ▁my ▁bag ga ge ▁I ▁had ▁a ▁Hungari an ▁gramm ar ▁book ▁and ▁di ction a ries ▁but ▁the ▁police ▁did ▁not ▁allow ▁me ▁to ▁study ▁Hungari an . </s> ▁Where ▁any ▁bag ga ge ▁of ▁any ▁passen ger ▁contain s ▁fire arm s ▁or ▁any ▁other ▁prohibi ted ▁good s ▁these ▁person s ▁are ▁turned ▁over ▁to ▁the ▁police ▁for ▁pro secuti on . </s>
input_ids: 0 360 759 6157 208 429 87 1902 10 112465 66 122092 147 12877 136 45 10763 11 10484 1284 70 35206 6777 959 63769 163 47 35187 112465 66 5 2 78662 2499 6157 208 429 111 2499 44828 1505 70541 7 11476 56859 7 707 2499 3789 63323 3674 4127 7 6097 3445 7 621 69347 645 47 70 35206 100 502 166643 191 5 2 1 1 1 1 1 1 1 1 1 1 1 1 1 1 1 1 1 1 1 1 1 1 1 1 1 1 1 1 1 1 1 1 1 1 1 1 1 1 1 1 1 1 1 1 1 1 1 1 1 1 1 1 1 1 1 1 1 1 1 1 1 1 1 1 1 1 1 1 1 1 1 1 1 1 1 1 1 1 1 1 1 1 1 1 1 1 1 1 1 1 1 1 1 1 1 1 1 1 1 1 1 1 1 1 1 1 1 1 1 1 1 1 1 1 1 1 1 1 1 1 1 1 1 1 1 1 1 1 1 1 1 1 1 1 1 1 1 1 1 1 1 1 1 1 1 1 1 1 1 1 1 1 1 1 1 1 1 1 1 1 1 1 1 1 1 1 1 1 1 1 1 1 1 1 1 1 1 1 1 1 1 1 1 1 1 1 1 1
input_mask: 1 1 1 1 1 1 1 1 1 1 1 1 1 1 1 1 1 1 1 1 1 1 1 1 1 1 1 1 1 1 1 1 1 1 1 1 1 1 1 1 1 1 1 1 1 1 1 1 1 1 1 1 1 1 1 1 1 1 1 1 1 1 1 1 1 1 1 1 0 0 0 0 0 0 0 0 0 0 0 0 0 0 0 0 0 0 0 0 0 0 0 0 0 0 0 0 0 0 0 0 0 0 0 0 0 0 0 0 0 0 0 0 0 0 0 0 0 0 0 0 0 0 0 0 0 0 0 0 0 0 0 0 0 0 0 0 0 0 0 0 0 0 0 0 0 0 0 0 0 0 0 0 0 0 0 0 0 0 0 0 0 0 0 0 0 0 0 0 0 0 0 0 0 0 0 0 0 0 0 0 0 0 0 0 0 0 0 0 0 0 0 0 0 0 0 0 0 0 0 0 0 0 0 0 0 0 0 0 0 0 0 0 0 0 0 0 0 0 0 0 0 0 0 0 0 0 0 0 0 0 0 0 0 0 0 0 0 0 0 0 0 0 0 0 0 0 0 0 0 0 0 0 0 0 0 0
label: T
Target: ▁bag ga ge
Synonym: ▁bag ga ge
*** Example ***
subtokens: <s> ▁Where ▁any ▁bag ga ge ▁of ▁any ▁passen ger ▁contain s ▁fire arm s ▁or ▁any ▁other ▁prohibi ted ▁good s ▁these ▁person s ▁are ▁turned ▁over ▁to ▁the ▁police ▁for ▁pro secuti on . </s> ▁More over , ▁an ▁individual ▁air line ▁may ▁decline ▁to ▁board ▁diplomat s ▁or ▁family ▁members ▁who ▁decline ▁to ▁voluntari ly ▁permit ▁the ▁search ▁of ▁their ▁personal ▁bag ga ge ▁or ▁person . </s>
input_ids: 0 78662 2499 6157 208 429 111 2499 44828 1505 70541 7 11476 56859 7 707 2499 3789 63323 3674 4127 7 6097 3445 7 621 69347 645 47 70 35206 100 502 166643 191 5 2 5455 5465 4 142 11651 1831 2256 1543 206398 47 45443 61634 7 707 14449 43032 2750 206398 47 48136 538 28897 70 33938 111 2363 3357 6157 208 429 707 3445 5 2 1 1 1 1 1 1 1 1 1 1 1 1 1 1 1 1 1 1 1 1 1 1 1 1 1 1 1 1 1 1 1 1 1 1 1 1 1 1 1 1 1 1 1 1 1 1 1 1 1 1 1 1 1 1 1 1 1 1 1 1 1 1 1 1 1 1 1 1 1 1 1 1 1 1 1 1 1 1 1 1 1 1 1 1 1 1 1 1 1 1 1 1 1 1 1 1 1 1 1 1 1 1 1 1 1 1 1 1 1 1 1 1 1 1 1 1 1 1 1 1 1 1 1 1 1 1 1 1 1 1 1 1 1 1 1 1 1 1 1 1 1 1 1 1 1 1 1 1 1 1 1 1 1 1 1 1 1 1 1 1 1 1 1 1 1 1 1 1 1 1 1 1 1 1 1 1 1 1 1 1 1 1 1 1 1
input_mask: 1 1 1 1 1 1 1 1 1 1 1 1 1 1 1 1 1 1 1 1 1 1 1 1 1 1 1 1 1 1 1 1 1 1 1 1 1 1 1 1 1 1 1 1 1 1 1 1 1 1 1 1 1 1 1 1 1 1 1 1 1 1 1 1 1 1 1 1 1 1 1 0 0 0 0 0 0 0 0 0 0 0 0 0 0 0 0 0 0 0 0 0 0 0 0 0 0 0 0 0 0 0 0 0 0 0 0 0 0 0 0 0 0 0 0 0 0 0 0 0 0 0 0 0 0 0 0 0 0 0 0 0 0 0 0 0 0 0 0 0 0 0 0 0 0 0 0 0 0 0 0 0 0 0 0 0 0 0 0 0 0 0 0 0 0 0 0 0 0 0 0 0 0 0 0 0 0 0 0 0 0 0 0 0 0 0 0 0 0 0 0 0 0 0 0 0 0 0 0 0 0 0 0 0 0 0 0 0 0 0 0 0 0 0 0 0 0 0 0 0 0 0 0 0 0 0 0 0 0 0 0 0 0 0 0 0 0 0 0 0 0 0 0 0 0 0 0 0 0 0 0 0 0 0 0 0
label: T
Target: ▁bag ga ge
Synonym: ▁bag ga ge
*** Example ***
subtokens: <s> ▁More over , ▁an ▁individual ▁air line ▁may ▁decline ▁to ▁board ▁diplomat s ▁or ▁family ▁members ▁who ▁decline ▁to ▁voluntari ly ▁permit ▁the ▁search ▁of ▁their ▁personal ▁bag ga ge ▁or ▁person . </s> ▁Where ▁any ▁bag ga ge ▁of ▁any ▁passen ger ▁contain s ▁fire arm s ▁or ▁any ▁other ▁prohibi ted ▁good s ▁these ▁person s ▁are ▁turned ▁over ▁to ▁the ▁police ▁for ▁pro secuti on . </s>
input_ids: 0 5455 5465 4 142 11651 1831 2256 1543 206398 47 45443 61634 7 707 14449 43032 2750 206398 47 48136 538 28897 70 33938 111 2363 3357 6157 208 429 707 3445 5 2 78662 2499 6157 208 429 111 2499 44828 1505 70541 7 11476 56859 7 707 2499 3789 63323 3674 4127 7 6097 3445 7 621 69347 645 47 70 35206 100 502 166643 191 5 2 1 1 1 1 1 1 1 1 1 1 1 1 1 1 1 1 1 1 1 1 1 1 1 1 1 1 1 1 1 1 1 1 1 1 1 1 1 1 1 1 1 1 1 1 1 1 1 1 1 1 1 1 1 1 1 1 1 1 1 1 1 1 1 1 1 1 1 1 1 1 1 1 1 1 1 1 1 1 1 1 1 1 1 1 1 1 1 1 1 1 1 1 1 1 1 1 1 1 1 1 1 1 1 1 1 1 1 1 1 1 1 1 1 1 1 1 1 1 1 1 1 1 1 1 1 1 1 1 1 1 1 1 1 1 1 1 1 1 1 1 1 1 1 1 1 1 1 1 1 1 1 1 1 1 1 1 1 1 1 1 1 1 1 1 1 1 1 1 1 1 1 1 1 1 1 1 1 1 1 1 1 1 1 1 1
input_mask: 1 1 1 1 1 1 1 1 1 1 1 1 1 1 1 1 1 1 1 1 1 1 1 1 1 1 1 1 1 1 1 1 1 1 1 1 1 1 1 1 1 1 1 1 1 1 1 1 1 1 1 1 1 1 1 1 1 1 1 1 1 1 1 1 1 1 1 1 1 1 1 0 0 0 0 0 0 0 0 0 0 0 0 0 0 0 0 0 0 0 0 0 0 0 0 0 0 0 0 0 0 0 0 0 0 0 0 0 0 0 0 0 0 0 0 0 0 0 0 0 0 0 0 0 0 0 0 0 0 0 0 0 0 0 0 0 0 0 0 0 0 0 0 0 0 0 0 0 0 0 0 0 0 0 0 0 0 0 0 0 0 0 0 0 0 0 0 0 0 0 0 0 0 0 0 0 0 0 0 0 0 0 0 0 0 0 0 0 0 0 0 0 0 0 0 0 0 0 0 0 0 0 0 0 0 0 0 0 0 0 0 0 0 0 0 0 0 0 0 0 0 0 0 0 0 0 0 0 0 0 0 0 0 0 0 0 0 0 0 0 0 0 0 0 0 0 0 0 0 0 0 0 0 0 0 0
label: T
Target: ▁bag ga ge
Synonym: ▁bag ga ge
*** Example ***
subtokens: <s> ▁The ▁State ▁party ▁consider s ▁it ▁impro b able ▁that ▁the ▁Libya n ▁authorities ▁would ▁take ▁so ▁long ▁to ▁act ▁on ▁his ▁refus al ▁to ▁o bey ▁them . </s> ▁However , ▁upon ▁learning ▁that ▁the ▁Swedish ▁authorities ▁considered ▁this ▁proposition ▁impro b able ▁ , ▁he ▁state d ▁that ▁he ▁participat ed , ▁but ▁did ▁not ▁arrange , ▁the ▁demonstra tion . </s>
input_ids: 0 581 22836 19085 16916 7 442 60418 275 2886 450 70 130788 19 207048 2806 5646 221 4989 47 27992 98 1919 125142 289 47 36 31804 2856 5 2 33306 4 54799 52080 450 70 187951 207048 90698 903 89261 60418 275 2886 6 4 764 11341 71 450 764 42938 297 4 1284 6777 959 137356 4 70 32837 1363 5 2 1 1 1 1 1 1 1 1 1 1 1 1 1 1 1 1 1 1 1 1 1 1 1 1 1 1 1 1 1 1 1 1 1 1 1 1 1 1 1 1 1 1 1 1 1 1 1 1 1 1 1 1 1 1 1 1 1 1 1 1 1 1 1 1 1 1 1 1 1 1 1 1 1 1 1 1 1 1 1 1 1 1 1 1 1 1 1 1 1 1 1 1 1 1 1 1 1 1 1 1 1 1 1 1 1 1 1 1 1 1 1 1 1 1 1 1 1 1 1 1 1 1 1 1 1 1 1 1 1 1 1 1 1 1 1 1 1 1 1 1 1 1 1 1 1 1 1 1 1 1 1 1 1 1 1 1 1 1 1 1 1 1 1 1 1 1 1 1 1 1 1 1 1 1 1 1 1 1 1 1 1 1 1 1 1 1 1 1 1 1 1
input_mask: 1 1 1 1 1 1 1 1 1 1 1 1 1 1 1 1 1 1 1 1 1 1 1 1 1 1 1 1 1 1 1 1 1 1 1 1 1 1 1 1 1 1 1 1 1 1 1 1 1 1 1 1 1 1 1 1 1 1 1 1 1 1 1 1 1 0 0 0 0 0 0 0 0 0 0 0 0 0 0 0 0 0 0 0 0 0 0 0 0 0 0 0 0 0 0 0 0 0 0 0 0 0 0 0 0 0 0 0 0 0 0 0 0 0 0 0 0 0 0 0 0 0 0 0 0 0 0 0 0 0 0 0 0 0 0 0 0 0 0 0 0 0 0 0 0 0 0 0 0 0 0 0 0 0 0 0 0 0 0 0 0 0 0 0 0 0 0 0 0 0 0 0 0 0 0 0 0 0 0 0 0 0 0 0 0 0 0 0 0 0 0 0 0 0 0 0 0 0 0 0 0 0 0 0 0 0 0 0 0 0 0 0 0 0 0 0 0 0 0 0 0 0 0 0 0 0 0 0 0 0 0 0 0 0 0 0 0 0 0 0 0 0 0 0 0 0 0 0 0 0 0 0 0 0 0 0
label: T
Target: ▁impro b able
Synonym: ▁impro b able
*** Example ***
subtokens: <s> ▁However , ▁upon ▁learning ▁that ▁the ▁Swedish ▁authorities ▁considered ▁this ▁proposition ▁impro b able ▁ , ▁he ▁state d ▁that ▁he ▁participat ed , ▁but ▁did ▁not ▁arrange , ▁the ▁demonstra tion . </s> ▁The ▁State ▁party ▁consider s ▁it ▁impro b able ▁that ▁the ▁Libya n ▁authorities ▁would ▁take ▁so ▁long ▁to ▁act ▁on ▁his ▁refus al ▁to ▁o bey ▁them . </s>
input_ids: 0 33306 4 54799 52080 450 70 187951 207048 90698 903 89261 60418 275 2886 6 4 764 11341 71 450 764 42938 297 4 1284 6777 959 137356 4 70 32837 1363 5 2 581 22836 19085 16916 7 442 60418 275 2886 450 70 130788 19 207048 2806 5646 221 4989 47 27992 98 1919 125142 289 47 36 31804 2856 5 2 1 1 1 1 1 1 1 1 1 1 1 1 1 1 1 1 1 1 1 1 1 1 1 1 1 1 1 1 1 1 1 1 1 1 1 1 1 1 1 1 1 1 1 1 1 1 1 1 1 1 1 1 1 1 1 1 1 1 1 1 1 1 1 1 1 1 1 1 1 1 1 1 1 1 1 1 1 1 1 1 1 1 1 1 1 1 1 1 1 1 1 1 1 1 1 1 1 1 1 1 1 1 1 1 1 1 1 1 1 1 1 1 1 1 1 1 1 1 1 1 1 1 1 1 1 1 1 1 1 1 1 1 1 1 1 1 1 1 1 1 1 1 1 1 1 1 1 1 1 1 1 1 1 1 1 1 1 1 1 1 1 1 1 1 1 1 1 1 1 1 1 1 1 1 1 1 1 1 1 1 1 1 1 1 1 1 1 1 1 1 1
input_mask: 1 1 1 1 1 1 1 1 1 1 1 1 1 1 1 1 1 1 1 1 1 1 1 1 1 1 1 1 1 1 1 1 1 1 1 1 1 1 1 1 1 1 1 1 1 1 1 1 1 1 1 1 1 1 1 1 1 1 1 1 1 1 1 1 1 0 0 0 0 0 0 0 0 0 0 0 0 0 0 0 0 0 0 0 0 0 0 0 0 0 0 0 0 0 0 0 0 0 0 0 0 0 0 0 0 0 0 0 0 0 0 0 0 0 0 0 0 0 0 0 0 0 0 0 0 0 0 0 0 0 0 0 0 0 0 0 0 0 0 0 0 0 0 0 0 0 0 0 0 0 0 0 0 0 0 0 0 0 0 0 0 0 0 0 0 0 0 0 0 0 0 0 0 0 0 0 0 0 0 0 0 0 0 0 0 0 0 0 0 0 0 0 0 0 0 0 0 0 0 0 0 0 0 0 0 0 0 0 0 0 0 0 0 0 0 0 0 0 0 0 0 0 0 0 0 0 0 0 0 0 0 0 0 0 0 0 0 0 0 0 0 0 0 0 0 0 0 0 0 0 0 0 0 0 0 0
label: T
Target: ▁impro b able
Synonym: ▁impro b able
*** Example ***
subtokens: <s> ▁The ▁State ▁party ▁consider s ▁it ▁impro b able ▁that ▁the ▁Libya n ▁authorities ▁would ▁take ▁so ▁long ▁to ▁act ▁on ▁his ▁refus al ▁to ▁o bey ▁them . </s> ▁Give n ▁the ▁nature ▁of ▁the ▁conflict ▁in ▁Somalia , ▁it ▁is ▁highly ▁impro b able ▁that ▁this ▁ammu ni tion ▁had ▁been ▁importe d ▁before ▁the ▁im position ▁of ▁the ▁arms ▁embargo . </s>
input_ids: 0 581 22836 19085 16916 7 442 60418 275 2886 450 70 130788 19 207048 2806 5646 221 4989 47 27992 98 1919 125142 289 47 36 31804 2856 5 2 77878 19 70 31425 111 70 79612 23 66418 4 442 83 103210 60418 275 2886 450 903 127385 93 1363 1902 2809 76242 71 8108 70 566 40322 111 70 121641 21659 5 2 1 1 1 1 1 1 1 1 1 1 1 1 1 1 1 1 1 1 1 1 1 1 1 1 1 1 1 1 1 1 1 1 1 1 1 1 1 1 1 1 1 1 1 1 1 1 1 1 1 1 1 1 1 1 1 1 1 1 1 1 1 1 1 1 1 1 1 1 1 1 1 1 1 1 1 1 1 1 1 1 1 1 1 1 1 1 1 1 1 1 1 1 1 1 1 1 1 1 1 1 1 1 1 1 1 1 1 1 1 1 1 1 1 1 1 1 1 1 1 1 1 1 1 1 1 1 1 1 1 1 1 1 1 1 1 1 1 1 1 1 1 1 1 1 1 1 1 1 1 1 1 1 1 1 1 1 1 1 1 1 1 1 1 1 1 1 1 1 1 1 1 1 1 1 1 1 1 1 1 1 1 1 1 1 1 1 1 1 1 1
input_mask: 1 1 1 1 1 1 1 1 1 1 1 1 1 1 1 1 1 1 1 1 1 1 1 1 1 1 1 1 1 1 1 1 1 1 1 1 1 1 1 1 1 1 1 1 1 1 1 1 1 1 1 1 1 1 1 1 1 1 1 1 1 1 1 1 1 1 0 0 0 0 0 0 0 0 0 0 0 0 0 0 0 0 0 0 0 0 0 0 0 0 0 0 0 0 0 0 0 0 0 0 0 0 0 0 0 0 0 0 0 0 0 0 0 0 0 0 0 0 0 0 0 0 0 0 0 0 0 0 0 0 0 0 0 0 0 0 0 0 0 0 0 0 0 0 0 0 0 0 0 0 0 0 0 0 0 0 0 0 0 0 0 0 0 0 0 0 0 0 0 0 0 0 0 0 0 0 0 0 0 0 0 0 0 0 0 0 0 0 0 0 0 0 0 0 0 0 0 0 0 0 0 0 0 0 0 0 0 0 0 0 0 0 0 0 0 0 0 0 0 0 0 0 0 0 0 0 0 0 0 0 0 0 0 0 0 0 0 0 0 0 0 0 0 0 0 0 0 0 0 0 0 0 0 0 0 0
label: T
Target: ▁impro b able
Synonym: ▁impro b able
*** Example ***
subtokens: <s> ▁Give n ▁the ▁nature ▁of ▁the ▁conflict ▁in ▁Somalia , ▁it ▁is ▁highly ▁impro b able ▁that ▁this ▁ammu ni tion ▁had ▁been ▁importe d ▁before ▁the ▁im position ▁of ▁the ▁arms ▁embargo . </s> ▁The ▁State ▁party ▁consider s ▁it ▁impro b able ▁that ▁the ▁Libya n ▁authorities ▁would ▁take ▁so ▁long ▁to ▁act ▁on ▁his ▁refus al ▁to ▁o bey ▁them . </s>
input_ids: 0 77878 19 70 31425 111 70 79612 23 66418 4 442 83 103210 60418 275 2886 450 903 127385 93 1363 1902 2809 76242 71 8108 70 566 40322 111 70 121641 21659 5 2 581 22836 19085 16916 7 442 60418 275 2886 450 70 130788 19 207048 2806 5646 221 4989 47 27992 98 1919 125142 289 47 36 31804 2856 5 2 1 1 1 1 1 1 1 1 1 1 1 1 1 1 1 1 1 1 1 1 1 1 1 1 1 1 1 1 1 1 1 1 1 1 1 1 1 1 1 1 1 1 1 1 1 1 1 1 1 1 1 1 1 1 1 1 1 1 1 1 1 1 1 1 1 1 1 1 1 1 1 1 1 1 1 1 1 1 1 1 1 1 1 1 1 1 1 1 1 1 1 1 1 1 1 1 1 1 1 1 1 1 1 1 1 1 1 1 1 1 1 1 1 1 1 1 1 1 1 1 1 1 1 1 1 1 1 1 1 1 1 1 1 1 1 1 1 1 1 1 1 1 1 1 1 1 1 1 1 1 1 1 1 1 1 1 1 1 1 1 1 1 1 1 1 1 1 1 1 1 1 1 1 1 1 1 1 1 1 1 1 1 1 1 1 1 1 1 1 1
input_mask: 1 1 1 1 1 1 1 1 1 1 1 1 1 1 1 1 1 1 1 1 1 1 1 1 1 1 1 1 1 1 1 1 1 1 1 1 1 1 1 1 1 1 1 1 1 1 1 1 1 1 1 1 1 1 1 1 1 1 1 1 1 1 1 1 1 1 0 0 0 0 0 0 0 0 0 0 0 0 0 0 0 0 0 0 0 0 0 0 0 0 0 0 0 0 0 0 0 0 0 0 0 0 0 0 0 0 0 0 0 0 0 0 0 0 0 0 0 0 0 0 0 0 0 0 0 0 0 0 0 0 0 0 0 0 0 0 0 0 0 0 0 0 0 0 0 0 0 0 0 0 0 0 0 0 0 0 0 0 0 0 0 0 0 0 0 0 0 0 0 0 0 0 0 0 0 0 0 0 0 0 0 0 0 0 0 0 0 0 0 0 0 0 0 0 0 0 0 0 0 0 0 0 0 0 0 0 0 0 0 0 0 0 0 0 0 0 0 0 0 0 0 0 0 0 0 0 0 0 0 0 0 0 0 0 0 0 0 0 0 0 0 0 0 0 0 0 0 0 0 0 0 0 0 0 0 0
label: T
Target: ▁impro b able
Synonym: ▁impro b able
*** Example ***
subtokens: <s> ▁As ▁to ▁the ▁author ' s ▁interest ▁in ▁being ▁personally ▁present ▁at ▁the ▁court ▁hearing , ▁the ▁State ▁party ▁begin s ▁by ▁recall ing ▁the ▁history ▁of ▁the ▁author ' s ▁case . </s> ▁The ▁act s ▁perform ed ▁personally ▁by ▁an ▁official , ▁however ▁highly ▁placed , ▁who ▁makes ▁use ▁of ▁the ▁State ▁to ▁com mit ▁an ▁international ▁crime , ▁can ▁not ▁e mbra ce ▁all ▁the ▁act s ▁of ▁the ▁State ▁constitu ting ▁that ▁crime . </s>
input_ids: 0 1301 47 70 42179 25 7 33946 23 8035 165197 13379 99 70 29685 129271 4 70 22836 19085 9842 7 390 189232 214 70 32692 111 70 42179 25 7 7225 5 2 581 27992 7 51339 297 165197 390 142 51521 4 49903 103210 158012 4 2750 30482 4527 111 70 22836 47 375 4007 142 21640 46824 4 831 959 28 12846 329 756 70 27992 7 111 70 22836 11764 1916 450 46824 5 2 1 1 1 1 1 1 1 1 1 1 1 1 1 1 1 1 1 1 1 1 1 1 1 1 1 1 1 1 1 1 1 1 1 1 1 1 1 1 1 1 1 1 1 1 1 1 1 1 1 1 1 1 1 1 1 1 1 1 1 1 1 1 1 1 1 1 1 1 1 1 1 1 1 1 1 1 1 1 1 1 1 1 1 1 1 1 1 1 1 1 1 1 1 1 1 1 1 1 1 1 1 1 1 1 1 1 1 1 1 1 1 1 1 1 1 1 1 1 1 1 1 1 1 1 1 1 1 1 1 1 1 1 1 1 1 1 1 1 1 1 1 1 1 1 1 1 1 1 1 1 1 1 1 1 1 1 1 1 1 1 1 1 1 1 1 1 1 1 1 1 1 1 1 1 1 1
input_mask: 1 1 1 1 1 1 1 1 1 1 1 1 1 1 1 1 1 1 1 1 1 1 1 1 1 1 1 1 1 1 1 1 1 1 1 1 1 1 1 1 1 1 1 1 1 1 1 1 1 1 1 1 1 1 1 1 1 1 1 1 1 1 1 1 1 1 1 1 1 1 1 1 1 1 1 1 1 1 1 1 0 0 0 0 0 0 0 0 0 0 0 0 0 0 0 0 0 0 0 0 0 0 0 0 0 0 0 0 0 0 0 0 0 0 0 0 0 0 0 0 0 0 0 0 0 0 0 0 0 0 0 0 0 0 0 0 0 0 0 0 0 0 0 0 0 0 0 0 0 0 0 0 0 0 0 0 0 0 0 0 0 0 0 0 0 0 0 0 0 0 0 0 0 0 0 0 0 0 0 0 0 0 0 0 0 0 0 0 0 0 0 0 0 0 0 0 0 0 0 0 0 0 0 0 0 0 0 0 0 0 0 0 0 0 0 0 0 0 0 0 0 0 0 0 0 0 0 0 0 0 0 0 0 0 0 0 0 0 0 0 0 0 0 0 0 0 0 0 0 0 0 0 0 0 0 0
label: T
Target: ▁personally
Synonym: ▁personally
*** Example ***
subtokens: <s> ▁The ▁act s ▁perform ed ▁personally ▁by ▁an ▁official , ▁however ▁highly ▁placed , ▁who ▁makes ▁use ▁of ▁the ▁State ▁to ▁com mit ▁an ▁international ▁crime , ▁can ▁not ▁e mbra ce ▁all ▁the ▁act s ▁of ▁the ▁State ▁constitu ting ▁that ▁crime . </s> ▁As ▁to ▁the ▁author ' s ▁interest ▁in ▁being ▁personally ▁present ▁at ▁the ▁court ▁hearing , ▁the ▁State ▁party ▁begin s ▁by ▁recall ing ▁the ▁history ▁of ▁the ▁author ' s ▁case . </s>
input_ids: 0 581 27992 7 51339 297 165197 390 142 51521 4 49903 103210 158012 4 2750 30482 4527 111 70 22836 47 375 4007 142 21640 46824 4 831 959 28 12846 329 756 70 27992 7 111 70 22836 11764 1916 450 46824 5 2 1301 47 70 42179 25 7 33946 23 8035 165197 13379 99 70 29685 129271 4 70 22836 19085 9842 7 390 189232 214 70 32692 111 70 42179 25 7 7225 5 2 1 1 1 1 1 1 1 1 1 1 1 1 1 1 1 1 1 1 1 1 1 1 1 1 1 1 1 1 1 1 1 1 1 1 1 1 1 1 1 1 1 1 1 1 1 1 1 1 1 1 1 1 1 1 1 1 1 1 1 1 1 1 1 1 1 1 1 1 1 1 1 1 1 1 1 1 1 1 1 1 1 1 1 1 1 1 1 1 1 1 1 1 1 1 1 1 1 1 1 1 1 1 1 1 1 1 1 1 1 1 1 1 1 1 1 1 1 1 1 1 1 1 1 1 1 1 1 1 1 1 1 1 1 1 1 1 1 1 1 1 1 1 1 1 1 1 1 1 1 1 1 1 1 1 1 1 1 1 1 1 1 1 1 1 1 1 1 1 1 1 1 1 1 1 1 1
input_mask: 1 1 1 1 1 1 1 1 1 1 1 1 1 1 1 1 1 1 1 1 1 1 1 1 1 1 1 1 1 1 1 1 1 1 1 1 1 1 1 1 1 1 1 1 1 1 1 1 1 1 1 1 1 1 1 1 1 1 1 1 1 1 1 1 1 1 1 1 1 1 1 1 1 1 1 1 1 1 1 1 0 0 0 0 0 0 0 0 0 0 0 0 0 0 0 0 0 0 0 0 0 0 0 0 0 0 0 0 0 0 0 0 0 0 0 0 0 0 0 0 0 0 0 0 0 0 0 0 0 0 0 0 0 0 0 0 0 0 0 0 0 0 0 0 0 0 0 0 0 0 0 0 0 0 0 0 0 0 0 0 0 0 0 0 0 0 0 0 0 0 0 0 0 0 0 0 0 0 0 0 0 0 0 0 0 0 0 0 0 0 0 0 0 0 0 0 0 0 0 0 0 0 0 0 0 0 0 0 0 0 0 0 0 0 0 0 0 0 0 0 0 0 0 0 0 0 0 0 0 0 0 0 0 0 0 0 0 0 0 0 0 0 0 0 0 0 0 0 0 0 0 0 0 0 0 0
label: T
Target: ▁personally
Synonym: ▁personally
*** Example ***
subtokens: <s> ▁As ▁to ▁the ▁author ' s ▁interest ▁in ▁being ▁personally ▁present ▁at ▁the ▁court ▁hearing , ▁the ▁State ▁party ▁begin s ▁by ▁recall ing ▁the ▁history ▁of ▁the ▁author ' s ▁case . </s> ▁His ▁election ▁to ▁that ▁high ▁post ▁is ▁a ▁ tribute ▁not ▁only ▁to ▁him ▁personally ▁ , ▁but ▁also ▁to ▁his ▁great ▁and ▁beautiful ▁country . </s>
input_ids: 0 1301 47 70 42179 25 7 33946 23 8035 165197 13379 99 70 29685 129271 4 70 22836 19085 9842 7 390 189232 214 70 32692 111 70 42179 25 7 7225 5 2 18763 81843 47 450 11192 1305 83 10 6 191145 959 4734 47 4049 165197 6 4 1284 2843 47 1919 6782 136 34923 23295 5 2 1 1 1 1 1 1 1 1 1 1 1 1 1 1 1 1 1 1 1 1 1 1 1 1 1 1 1 1 1 1 1 1 1 1 1 1 1 1 1 1 1 1 1 1 1 1 1 1 1 1 1 1 1 1 1 1 1 1 1 1 1 1 1 1 1 1 1 1 1 1 1 1 1 1 1 1 1 1 1 1 1 1 1 1 1 1 1 1 1 1 1 1 1 1 1 1 1 1 1 1 1 1 1 1 1 1 1 1 1 1 1 1 1 1 1 1 1 1 1 1 1 1 1 1 1 1 1 1 1 1 1 1 1 1 1 1 1 1 1 1 1 1 1 1 1 1 1 1 1 1 1 1 1 1 1 1 1 1 1 1 1 1 1 1 1 1 1 1 1 1 1 1 1 1 1 1 1 1 1 1 1 1 1 1 1 1 1 1 1 1 1 1 1 1
input_mask: 1 1 1 1 1 1 1 1 1 1 1 1 1 1 1 1 1 1 1 1 1 1 1 1 1 1 1 1 1 1 1 1 1 1 1 1 1 1 1 1 1 1 1 1 1 1 1 1 1 1 1 1 1 1 1 1 1 1 1 1 1 1 0 0 0 0 0 0 0 0 0 0 0 0 0 0 0 0 0 0 0 0 0 0 0 0 0 0 0 0 0 0 0 0 0 0 0 0 0 0 0 0 0 0 0 0 0 0 0 0 0 0 0 0 0 0 0 0 0 0 0 0 0 0 0 0 0 0 0 0 0 0 0 0 0 0 0 0 0 0 0 0 0 0 0 0 0 0 0 0 0 0 0 0 0 0 0 0 0 0 0 0 0 0 0 0 0 0 0 0 0 0 0 0 0 0 0 0 0 0 0 0 0 0 0 0 0 0 0 0 0 0 0 0 0 0 0 0 0 0 0 0 0 0 0 0 0 0 0 0 0 0 0 0 0 0 0 0 0 0 0 0 0 0 0 0 0 0 0 0 0 0 0 0 0 0 0 0 0 0 0 0 0 0 0 0 0 0 0 0 0 0 0 0 0 0
label: F
Target: ▁personally
Synonym: ▁personally
*** Example ***
subtokens: <s> ▁His ▁election ▁to ▁that ▁high ▁post ▁is ▁a ▁ tribute ▁not ▁only ▁to ▁him ▁personally ▁ , ▁but ▁also ▁to ▁his ▁great ▁and ▁beautiful ▁country . </s> ▁As ▁to ▁the ▁author ' s ▁interest ▁in ▁being ▁personally ▁present ▁at ▁the ▁court ▁hearing , ▁the ▁State ▁party ▁begin s ▁by ▁recall ing ▁the ▁history ▁of ▁the ▁author ' s ▁case . </s>
input_ids: 0 18763 81843 47 450 11192 1305 83 10 6 191145 959 4734 47 4049 165197 6 4 1284 2843 47 1919 6782 136 34923 23295 5 2 1301 47 70 42179 25 7 33946 23 8035 165197 13379 99 70 29685 129271 4 70 22836 19085 9842 7 390 189232 214 70 32692 111 70 42179 25 7 7225 5 2 1 1 1 1 1 1 1 1 1 1 1 1 1 1 1 1 1 1 1 1 1 1 1 1 1 1 1 1 1 1 1 1 1 1 1 1 1 1 1 1 1 1 1 1 1 1 1 1 1 1 1 1 1 1 1 1 1 1 1 1 1 1 1 1 1 1 1 1 1 1 1 1 1 1 1 1 1 1 1 1 1 1 1 1 1 1 1 1 1 1 1 1 1 1 1 1 1 1 1 1 1 1 1 1 1 1 1 1 1 1 1 1 1 1 1 1 1 1 1 1 1 1 1 1 1 1 1 1 1 1 1 1 1 1 1 1 1 1 1 1 1 1 1 1 1 1 1 1 1 1 1 1 1 1 1 1 1 1 1 1 1 1 1 1 1 1 1 1 1 1 1 1 1 1 1 1 1 1 1 1 1 1 1 1 1 1 1 1 1 1 1 1 1 1
input_mask: 1 1 1 1 1 1 1 1 1 1 1 1 1 1 1 1 1 1 1 1 1 1 1 1 1 1 1 1 1 1 1 1 1 1 1 1 1 1 1 1 1 1 1 1 1 1 1 1 1 1 1 1 1 1 1 1 1 1 1 1 1 1 0 0 0 0 0 0 0 0 0 0 0 0 0 0 0 0 0 0 0 0 0 0 0 0 0 0 0 0 0 0 0 0 0 0 0 0 0 0 0 0 0 0 0 0 0 0 0 0 0 0 0 0 0 0 0 0 0 0 0 0 0 0 0 0 0 0 0 0 0 0 0 0 0 0 0 0 0 0 0 0 0 0 0 0 0 0 0 0 0 0 0 0 0 0 0 0 0 0 0 0 0 0 0 0 0 0 0 0 0 0 0 0 0 0 0 0 0 0 0 0 0 0 0 0 0 0 0 0 0 0 0 0 0 0 0 0 0 0 0 0 0 0 0 0 0 0 0 0 0 0 0 0 0 0 0 0 0 0 0 0 0 0 0 0 0 0 0 0 0 0 0 0 0 0 0 0 0 0 0 0 0 0 0 0 0 0 0 0 0 0 0 0 0 0
label: F
Target: ▁personally
Synonym: ▁personally
Not fitted examples percentage: 0.0
***** Dev *****
  Num examples = 4408
  Batch size = 16
***** Test *****
  Num examples = 18000
  Batch size = 16
Start epoch #1 (lr = 0.0)...
Ep: 1, Stp: 5434/21736, usd_t=216.76s, loss=0.007694
dev accuracy.dev.en-en.score (lr=2.3661971830985916e-06, epoch=1): 50.00
!!! Best dev accuracy.dev.en-en.score (lr=2.3661971830985916e-06, epoch=1): 0.00 -> 50.00
!!! Best dev accuracy.dev.fr-fr.score (lr=2.3661971830985916e-06, epoch=1): 0.00 -> 54.67
!!! Best dev accuracy.dev.ru-ru.score (lr=2.3661971830985916e-06, epoch=1): 0.00 -> 50.67
!!! Best dev accuracy.dev.zh-zh.score (lr=2.3661971830985916e-06, epoch=1): 0.00 -> 49.67
!!! Best dev accuracy.dev.ar-ar.score (lr=2.3661971830985916e-06, epoch=1): 0.00 -> 49.67
!!! Best dev accuracy.dev.nen-nen.score (lr=2.3661971830985916e-06, epoch=1): 0.00 -> 51.17
Ep: 1, Stp: 10868/21736, usd_t=464.95s, loss=0.007752
dev accuracy.dev.en-en.score (lr=4.7605633802816905e-06, epoch=1): 50.00
Ep: 1, Stp: 16302/21736, usd_t=689.45s, loss=0.007549
dev accuracy.dev.en-en.score (lr=7.15492957746479e-06, epoch=1): 59.70
!!! Best dev accuracy.dev.en-en.score (lr=7.15492957746479e-06, epoch=1): 50.00 -> 59.70
!!! Best dev accuracy.dev.fr-fr.score (lr=7.15492957746479e-06, epoch=1): 54.67 -> 58.00
!!! Best dev accuracy.dev.ru-ru.score (lr=7.15492957746479e-06, epoch=1): 50.67 -> 53.33
!!! Best dev accuracy.dev.ar-ar.score (lr=7.15492957746479e-06, epoch=1): 49.67 -> 50.00
!!! Best dev accuracy.dev.nen-nen.score (lr=7.15492957746479e-06, epoch=1): 51.17 -> 52.75
Ep: 1, Stp: 21736/21736, usd_t=949.53s, loss=0.007193
dev accuracy.dev.en-en.score (lr=9.549295774647888e-06, epoch=1): 72.30
!!! Best dev accuracy.dev.en-en.score (lr=9.549295774647888e-06, epoch=1): 59.70 -> 72.30
!!! Best dev accuracy.dev.fr-fr.score (lr=9.549295774647888e-06, epoch=1): 58.00 -> 67.33
!!! Best dev accuracy.dev.ru-ru.score (lr=9.549295774647888e-06, epoch=1): 53.33 -> 64.33
!!! Best dev accuracy.dev.zh-zh.score (lr=9.549295774647888e-06, epoch=1): 49.67 -> 59.54
!!! Best dev accuracy.dev.ar-ar.score (lr=9.549295774647888e-06, epoch=1): 50.00 -> 56.00
!!! Best dev accuracy.dev.nen-nen.score (lr=9.549295774647888e-06, epoch=1): 52.75 -> 61.80
Start epoch #2 (lr = 9.549295774647888e-06)...
Ep: 2, Stp: 5434/21736, usd_t=1208.07s, loss=0.005031
dev accuracy.dev.en-en.score (lr=9.89946777054997e-06, epoch=2): 64.30
Ep: 2, Stp: 10868/21736, usd_t=1437.35s, loss=0.004982
dev accuracy.dev.en-en.score (lr=9.773802483737435e-06, epoch=2): 68.60
Ep: 2, Stp: 16302/21736, usd_t=1666.24s, loss=0.004988
dev accuracy.dev.en-en.score (lr=9.648137196924897e-06, epoch=2): 73.90
!!! Best dev accuracy.dev.en-en.score (lr=9.648137196924897e-06, epoch=2): 72.30 -> 73.90
!!! Best dev accuracy.dev.fr-fr.score (lr=9.648137196924897e-06, epoch=2): 67.33 -> 69.33
!!! Best dev accuracy.dev.ru-ru.score (lr=9.648137196924897e-06, epoch=2): 64.33 -> 68.33
!!! Best dev accuracy.dev.zh-zh.score (lr=9.648137196924897e-06, epoch=2): 59.54 -> 68.09
!!! Best dev accuracy.dev.ar-ar.score (lr=9.648137196924897e-06, epoch=2): 56.00 -> 62.33
!!! Best dev accuracy.dev.nen-nen.score (lr=9.648137196924897e-06, epoch=2): 61.80 -> 67.02
Ep: 2, Stp: 21736/21736, usd_t=1924.16s, loss=0.004921
dev accuracy.dev.en-en.score (lr=9.522471910112361e-06, epoch=2): 73.80
!!! Best dev accuracy.dev.ru-ru.score (lr=9.522471910112361e-06, epoch=2): 68.33 -> 68.67
Start epoch #3 (lr = 9.522471910112361e-06)...
Ep: 3, Stp: 5434/21736, usd_t=2175.96s, loss=0.004487
dev accuracy.dev.en-en.score (lr=9.398285038438794e-06, epoch=3): 67.60
Ep: 3, Stp: 10868/21736, usd_t=2405.64s, loss=0.004313
dev accuracy.dev.en-en.score (lr=9.272619751626256e-06, epoch=3): 73.90
!!! Best dev accuracy.dev.fr-fr.score (lr=9.272619751626256e-06, epoch=3): 69.33 -> 72.33
!!! Best dev accuracy.dev.ar-ar.score (lr=9.272619751626256e-06, epoch=3): 62.33 -> 63.67
Ep: 3, Stp: 16302/21736, usd_t=2658.02s, loss=0.004239
dev accuracy.dev.en-en.score (lr=9.14695446481372e-06, epoch=3): 72.40
!!! Best dev accuracy.dev.ar-ar.score (lr=9.14695446481372e-06, epoch=3): 63.67 -> 64.00
Ep: 3, Stp: 21736/21736, usd_t=2911.49s, loss=0.004227
dev accuracy.dev.en-en.score (lr=9.021289178001183e-06, epoch=3): 77.10
!!! Best dev accuracy.dev.en-en.score (lr=9.021289178001183e-06, epoch=3): 73.90 -> 77.10
!!! Best dev accuracy.dev.ru-ru.score (lr=9.021289178001183e-06, epoch=3): 68.67 -> 69.67
!!! Best dev accuracy.dev.nen-nen.score (lr=9.021289178001183e-06, epoch=3): 67.02 -> 67.53
Start epoch #4 (lr = 9.021289178001183e-06)...
Ep: 4, Stp: 5434/21736, usd_t=3167.02s, loss=0.003730
dev accuracy.dev.en-en.score (lr=8.897102306327618e-06, epoch=4): 66.90
!!! Best dev accuracy.dev.ru-ru.score (lr=8.897102306327618e-06, epoch=4): 69.67 -> 71.33
!!! Best dev accuracy.dev.nen-nen.score (lr=8.897102306327618e-06, epoch=4): 67.53 -> 68.61
Ep: 4, Stp: 10868/21736, usd_t=3419.33s, loss=0.003733
dev accuracy.dev.en-en.score (lr=8.771437019515082e-06, epoch=4): 78.10
!!! Best dev accuracy.dev.en-en.score (lr=8.771437019515082e-06, epoch=4): 77.10 -> 78.10
!!! Best dev accuracy.dev.fr-fr.score (lr=8.771437019515082e-06, epoch=4): 72.33 -> 73.33
!!! Best dev accuracy.dev.ru-ru.score (lr=8.771437019515082e-06, epoch=4): 71.33 -> 74.00
!!! Best dev accuracy.dev.zh-zh.score (lr=8.771437019515082e-06, epoch=4): 68.09 -> 69.74
!!! Best dev accuracy.dev.ar-ar.score (lr=8.771437019515082e-06, epoch=4): 64.00 -> 65.00
!!! Best dev accuracy.dev.nen-nen.score (lr=8.771437019515082e-06, epoch=4): 68.61 -> 70.52
Ep: 4, Stp: 16302/21736, usd_t=3674.70s, loss=0.003649
dev accuracy.dev.en-en.score (lr=8.645771732702544e-06, epoch=4): 79.80
!!! Best dev accuracy.dev.en-en.score (lr=8.645771732702544e-06, epoch=4): 78.10 -> 79.80
!!! Best dev accuracy.dev.ru-ru.score (lr=8.645771732702544e-06, epoch=4): 74.00 -> 74.33
Ep: 4, Stp: 21736/21736, usd_t=3929.43s, loss=0.003619
dev accuracy.dev.en-en.score (lr=8.520106445890007e-06, epoch=4): 80.30
!!! Best dev accuracy.dev.en-en.score (lr=8.520106445890007e-06, epoch=4): 79.80 -> 80.30
!!! Best dev accuracy.dev.ru-ru.score (lr=8.520106445890007e-06, epoch=4): 74.33 -> 75.33
Start epoch #5 (lr = 8.520106445890007e-06)...
Ep: 5, Stp: 5434/21736, usd_t=4181.34s, loss=0.003515
dev accuracy.dev.en-en.score (lr=8.395919574216441e-06, epoch=5): 72.30
Ep: 5, Stp: 10868/21736, usd_t=4407.93s, loss=0.003485
dev accuracy.dev.en-en.score (lr=8.270254287403904e-06, epoch=5): 80.60
!!! Best dev accuracy.dev.en-en.score (lr=8.270254287403904e-06, epoch=5): 80.30 -> 80.60
!!! Best dev accuracy.dev.ru-ru.score (lr=8.270254287403904e-06, epoch=5): 75.33 -> 76.67
!!! Best dev accuracy.dev.zh-zh.score (lr=8.270254287403904e-06, epoch=5): 69.74 -> 71.71
!!! Best dev accuracy.dev.ar-ar.score (lr=8.270254287403904e-06, epoch=5): 65.00 -> 70.00
!!! Best dev accuracy.dev.nen-nen.score (lr=8.270254287403904e-06, epoch=5): 70.52 -> 72.34
Ep: 5, Stp: 16302/21736, usd_t=4662.98s, loss=0.003511
dev accuracy.dev.en-en.score (lr=8.144589000591366e-06, epoch=5): 76.90
Ep: 5, Stp: 21736/21736, usd_t=4888.40s, loss=0.003466
dev accuracy.dev.en-en.score (lr=8.01892371377883e-06, epoch=5): 80.80
!!! Best dev accuracy.dev.en-en.score (lr=8.01892371377883e-06, epoch=5): 80.60 -> 80.80
!!! Best dev accuracy.dev.ru-ru.score (lr=8.01892371377883e-06, epoch=5): 76.67 -> 77.00
Start epoch #6 (lr = 8.01892371377883e-06)...
Ep: 6, Stp: 5434/21736, usd_t=5139.93s, loss=0.003081
dev accuracy.dev.en-en.score (lr=7.894736842105265e-06, epoch=6): 80.50
!!! Best dev accuracy.dev.fr-fr.score (lr=7.894736842105265e-06, epoch=6): 73.33 -> 75.00
!!! Best dev accuracy.dev.ru-ru.score (lr=7.894736842105265e-06, epoch=6): 77.00 -> 77.33
!!! Best dev accuracy.dev.nen-nen.score (lr=7.894736842105265e-06, epoch=6): 72.34 -> 72.44
Ep: 6, Stp: 10868/21736, usd_t=5390.68s, loss=0.003043
dev accuracy.dev.en-en.score (lr=7.769071555292727e-06, epoch=6): 78.90
!!! Best dev accuracy.dev.fr-fr.score (lr=7.769071555292727e-06, epoch=6): 75.00 -> 75.33
Ep: 6, Stp: 16302/21736, usd_t=5637.78s, loss=0.003003
dev accuracy.dev.en-en.score (lr=7.64340626848019e-06, epoch=6): 78.10
Ep: 6, Stp: 21736/21736, usd_t=5863.57s, loss=0.003035
dev accuracy.dev.en-en.score (lr=7.517740981667653e-06, epoch=6): 82.20
!!! Best dev accuracy.dev.en-en.score (lr=7.517740981667653e-06, epoch=6): 80.80 -> 82.20
!!! Best dev accuracy.dev.ru-ru.score (lr=7.517740981667653e-06, epoch=6): 77.33 -> 78.00
!!! Best dev accuracy.dev.ar-ar.score (lr=7.517740981667653e-06, epoch=6): 70.00 -> 71.33
!!! Best dev accuracy.dev.nen-nen.score (lr=7.517740981667653e-06, epoch=6): 72.44 -> 73.76
Start epoch #7 (lr = 7.517740981667653e-06)...
Ep: 7, Stp: 5434/21736, usd_t=6116.49s, loss=0.002774
dev accuracy.dev.en-en.score (lr=7.3935541099940864e-06, epoch=7): 79.10
!!! Best dev accuracy.dev.zh-zh.score (lr=7.3935541099940864e-06, epoch=7): 71.71 -> 73.36
Ep: 7, Stp: 10868/21736, usd_t=6364.50s, loss=0.002857
dev accuracy.dev.en-en.score (lr=7.267888823181551e-06, epoch=7): 81.90
!!! Best dev accuracy.dev.fr-fr.score (lr=7.267888823181551e-06, epoch=7): 75.33 -> 77.00
!!! Best dev accuracy.dev.ru-ru.score (lr=7.267888823181551e-06, epoch=7): 78.00 -> 78.67
!!! Best dev accuracy.dev.nen-nen.score (lr=7.267888823181551e-06, epoch=7): 73.76 -> 74.26
Ep: 7, Stp: 16302/21736, usd_t=6614.97s, loss=0.002822
dev accuracy.dev.en-en.score (lr=7.142223536369013e-06, epoch=7): 80.40
!!! Best dev accuracy.dev.zh-zh.score (lr=7.142223536369013e-06, epoch=7): 73.36 -> 74.34
Ep: 7, Stp: 21736/21736, usd_t=6861.71s, loss=0.002793
dev accuracy.dev.en-en.score (lr=7.0165582495564764e-06, epoch=7): 80.30
Start epoch #8 (lr = 7.0165582495564764e-06)...
Ep: 8, Stp: 5434/21736, usd_t=7082.59s, loss=0.002491
dev accuracy.dev.en-en.score (lr=6.892371377882911e-06, epoch=8): 81.40
!!! Best dev accuracy.dev.zh-zh.score (lr=6.892371377882911e-06, epoch=8): 74.34 -> 76.64
Ep: 8, Stp: 10868/21736, usd_t=7328.53s, loss=0.002511
dev accuracy.dev.en-en.score (lr=6.766706091070373e-06, epoch=8): 80.10
Ep: 8, Stp: 16302/21736, usd_t=7552.18s, loss=0.002521
dev accuracy.dev.en-en.score (lr=6.641040804257836e-06, epoch=8): 81.40
!!! Best dev accuracy.dev.nen-nen.score (lr=6.641040804257836e-06, epoch=8): 74.26 -> 74.91
Ep: 8, Stp: 21736/21736, usd_t=7798.78s, loss=0.002480
dev accuracy.dev.en-en.score (lr=6.515375517445299e-06, epoch=8): 78.40
!!! Best dev accuracy.dev.fr-fr.score (lr=6.515375517445299e-06, epoch=8): 77.00 -> 77.67
Start epoch #9 (lr = 6.515375517445299e-06)...
Ep: 9, Stp: 5434/21736, usd_t=8044.77s, loss=0.002249
dev accuracy.dev.en-en.score (lr=6.3911886457717335e-06, epoch=9): 81.00
Ep: 9, Stp: 10868/21736, usd_t=8267.84s, loss=0.002293
dev accuracy.dev.en-en.score (lr=6.265523358959196e-06, epoch=9): 79.40
Ep: 9, Stp: 16302/21736, usd_t=8490.81s, loss=0.002329
dev accuracy.dev.en-en.score (lr=6.139858072146659e-06, epoch=9): 79.30
Ep: 9, Stp: 21736/21736, usd_t=8713.48s, loss=0.002349
dev accuracy.dev.en-en.score (lr=6.014192785334122e-06, epoch=9): 81.20
Start epoch #10 (lr = 6.014192785334122e-06)...
Ep: 10, Stp: 5434/21736, usd_t=8935.15s, loss=0.002099
dev accuracy.dev.en-en.score (lr=5.890005913660556e-06, epoch=10): 81.70
!!! Best dev accuracy.dev.ru-ru.score (lr=5.890005913660556e-06, epoch=10): 78.67 -> 80.00
!!! Best dev accuracy.dev.nen-nen.score (lr=5.890005913660556e-06, epoch=10): 74.91 -> 75.83
Ep: 10, Stp: 10868/21736, usd_t=9184.44s, loss=0.002154
dev accuracy.dev.en-en.score (lr=5.7643406268480195e-06, epoch=10): 80.60
Ep: 10, Stp: 16302/21736, usd_t=9407.47s, loss=0.002143
dev accuracy.dev.en-en.score (lr=5.638675340035482e-06, epoch=10): 81.70
Ep: 10, Stp: 21736/21736, usd_t=9631.56s, loss=0.002123
dev accuracy.dev.en-en.score (lr=5.513010053222946e-06, epoch=10): 79.50
Start epoch #11 (lr = 5.513010053222946e-06)...
Ep: 11, Stp: 5434/21736, usd_t=9854.40s, loss=0.001911
dev accuracy.dev.en-en.score (lr=5.38882318154938e-06, epoch=11): 81.50
Ep: 11, Stp: 10868/21736, usd_t=10076.53s, loss=0.001935
dev accuracy.dev.en-en.score (lr=5.263157894736842e-06, epoch=11): 80.00
Ep: 11, Stp: 16302/21736, usd_t=10300.31s, loss=0.001956
dev accuracy.dev.en-en.score (lr=5.1374926079243056e-06, epoch=11): 82.70
!!! Best dev accuracy.dev.en-en.score (lr=5.1374926079243056e-06, epoch=11): 82.20 -> 82.70
Ep: 11, Stp: 21736/21736, usd_t=10549.90s, loss=0.001954
dev accuracy.dev.en-en.score (lr=5.011827321111769e-06, epoch=11): 81.50
!!! Best dev accuracy.dev.fr-fr.score (lr=5.011827321111769e-06, epoch=11): 77.67 -> 78.00
Start epoch #12 (lr = 5.011827321111769e-06)...
Ep: 12, Stp: 5434/21736, usd_t=10797.00s, loss=0.001878
dev accuracy.dev.en-en.score (lr=4.8876404494382024e-06, epoch=12): 80.10
Ep: 12, Stp: 10868/21736, usd_t=11018.87s, loss=0.001876
dev accuracy.dev.en-en.score (lr=4.761975162625666e-06, epoch=12): 81.40
Ep: 12, Stp: 16302/21736, usd_t=11242.33s, loss=0.001904
dev accuracy.dev.en-en.score (lr=4.636309875813128e-06, epoch=12): 79.90
Ep: 12, Stp: 21736/21736, usd_t=11465.72s, loss=0.001858
dev accuracy.dev.en-en.score (lr=4.5106445890005916e-06, epoch=12): 81.20
Start epoch #13 (lr = 4.5106445890005916e-06)...
Ep: 13, Stp: 5434/21736, usd_t=11689.53s, loss=0.001773
dev accuracy.dev.en-en.score (lr=4.386457717327026e-06, epoch=13): 81.80
Ep: 13, Stp: 10868/21736, usd_t=11912.05s, loss=0.001786
dev accuracy.dev.en-en.score (lr=4.2607924305144884e-06, epoch=13): 81.50
Ep: 13, Stp: 16302/21736, usd_t=12134.93s, loss=0.001771
dev accuracy.dev.en-en.score (lr=4.135127143701952e-06, epoch=13): 80.70
Ep: 13, Stp: 21736/21736, usd_t=12358.32s, loss=0.001764
dev accuracy.dev.en-en.score (lr=4.009461856889415e-06, epoch=13): 81.50
Start epoch #14 (lr = 4.009461856889415e-06)...
Ep: 14, Stp: 5434/21736, usd_t=12578.40s, loss=0.001543
dev accuracy.dev.en-en.score (lr=3.885274985215849e-06, epoch=14): 81.40
!!! Best dev accuracy.dev.ar-ar.score (lr=3.885274985215849e-06, epoch=14): 71.33 -> 71.67
!!! Best dev accuracy.dev.nen-nen.score (lr=3.885274985215849e-06, epoch=14): 75.83 -> 76.33
Ep: 14, Stp: 10868/21736, usd_t=12825.59s, loss=0.001567
dev accuracy.dev.en-en.score (lr=3.759609698403312e-06, epoch=14): 81.30
Ep: 14, Stp: 16302/21736, usd_t=13047.74s, loss=0.001581
dev accuracy.dev.en-en.score (lr=3.6339444115907753e-06, epoch=14): 81.20
Ep: 14, Stp: 21736/21736, usd_t=13269.18s, loss=0.001588
dev accuracy.dev.en-en.score (lr=3.5082791247782382e-06, epoch=14): 80.40
Start epoch #15 (lr = 3.5082791247782382e-06)...
Ep: 15, Stp: 5434/21736, usd_t=13492.20s, loss=0.001569
dev accuracy.dev.en-en.score (lr=3.384092253104672e-06, epoch=15): 80.70
Ep: 15, Stp: 10868/21736, usd_t=13717.31s, loss=0.001508
dev accuracy.dev.en-en.score (lr=3.258426966292135e-06, epoch=15): 81.10
Ep: 15, Stp: 16302/21736, usd_t=13940.35s, loss=0.001505
dev accuracy.dev.en-en.score (lr=3.132761679479598e-06, epoch=15): 81.40
!!! Best dev accuracy.dev.fr-fr.score (lr=3.132761679479598e-06, epoch=15): 78.00 -> 78.67
Ep: 15, Stp: 21736/21736, usd_t=14187.42s, loss=0.001504
dev accuracy.dev.en-en.score (lr=3.007096392667061e-06, epoch=15): 81.80
Start epoch #16 (lr = 3.007096392667061e-06)...
Ep: 16, Stp: 5434/21736, usd_t=14408.65s, loss=0.001404
dev accuracy.dev.en-en.score (lr=2.8829095209934953e-06, epoch=16): 80.70
Ep: 16, Stp: 10868/21736, usd_t=14629.84s, loss=0.001447
dev accuracy.dev.en-en.score (lr=2.7572442341809578e-06, epoch=16): 81.50
Ep: 16, Stp: 16302/21736, usd_t=14850.35s, loss=0.001413
dev accuracy.dev.en-en.score (lr=2.631578947368421e-06, epoch=16): 81.10
!!! Best dev accuracy.dev.zh-zh.score (lr=2.631578947368421e-06, epoch=16): 76.64 -> 77.63
Ep: 16, Stp: 21736/21736, usd_t=15094.23s, loss=0.001425
dev accuracy.dev.en-en.score (lr=2.5059136605558844e-06, epoch=16): 82.10
Start epoch #17 (lr = 2.5059136605558844e-06)...
Ep: 17, Stp: 5434/21736, usd_t=15315.58s, loss=0.001451
dev accuracy.dev.en-en.score (lr=2.3817267888823184e-06, epoch=17): 81.20
Ep: 17, Stp: 10868/21736, usd_t=15538.87s, loss=0.001354
dev accuracy.dev.en-en.score (lr=2.2560615020697813e-06, epoch=17): 81.60
Ep: 17, Stp: 16302/21736, usd_t=15763.66s, loss=0.001328
dev accuracy.dev.en-en.score (lr=2.1303962152572442e-06, epoch=17): 81.40
Ep: 17, Stp: 21736/21736, usd_t=15984.72s, loss=0.001349
dev accuracy.dev.en-en.score (lr=2.0047309284447076e-06, epoch=17): 82.40
Start epoch #18 (lr = 2.0047309284447076e-06)...
Ep: 18, Stp: 5434/21736, usd_t=16206.97s, loss=0.001220
dev accuracy.dev.en-en.score (lr=1.8805440567711413e-06, epoch=18): 82.40
Ep: 18, Stp: 10868/21736, usd_t=16428.80s, loss=0.001274
dev accuracy.dev.en-en.score (lr=1.7548787699586044e-06, epoch=18): 82.10
Ep: 18, Stp: 16302/21736, usd_t=16649.96s, loss=0.001277
dev accuracy.dev.en-en.score (lr=1.6292134831460675e-06, epoch=18): 82.60
Ep: 18, Stp: 21736/21736, usd_t=16873.60s, loss=0.001283
dev accuracy.dev.en-en.score (lr=1.5035481963335305e-06, epoch=18): 81.20
Start epoch #19 (lr = 1.5035481963335305e-06)...
Ep: 19, Stp: 5434/21736, usd_t=17095.78s, loss=0.001281
dev accuracy.dev.en-en.score (lr=1.3793613246599646e-06, epoch=19): 81.50
Ep: 19, Stp: 10868/21736, usd_t=17315.93s, loss=0.001293
dev accuracy.dev.en-en.score (lr=1.2536960378474278e-06, epoch=19): 81.80
Ep: 19, Stp: 16302/21736, usd_t=17537.87s, loss=0.001272
dev accuracy.dev.en-en.score (lr=1.1280307510348907e-06, epoch=19): 82.10
Ep: 19, Stp: 21736/21736, usd_t=17758.56s, loss=0.001247
dev accuracy.dev.en-en.score (lr=1.0023654642223538e-06, epoch=19): 81.90
Start epoch #20 (lr = 1.0023654642223538e-06)...
Ep: 20, Stp: 5434/21736, usd_t=17978.22s, loss=0.001219
dev accuracy.dev.en-en.score (lr=8.781785925487877e-07, epoch=20): 82.00
Ep: 20, Stp: 10868/21736, usd_t=18197.38s, loss=0.001180
dev accuracy.dev.en-en.score (lr=7.525133057362508e-07, epoch=20): 81.60
Ep: 20, Stp: 16302/21736, usd_t=18417.57s, loss=0.001183
dev accuracy.dev.en-en.score (lr=6.268480189237139e-07, epoch=20): 82.20
Ep: 20, Stp: 21736/21736, usd_t=18638.12s, loss=0.001182
dev accuracy.dev.en-en.score (lr=5.011827321111769e-07, epoch=20): 82.20
Start epoch #21 (lr = 5.011827321111769e-07)...
Ep: 21, Stp: 5434/21736, usd_t=18858.52s, loss=0.001174
dev accuracy.dev.en-en.score (lr=3.769958604376109e-07, epoch=21): 82.40
Ep: 21, Stp: 10868/21736, usd_t=19081.27s, loss=0.001194
dev accuracy.dev.en-en.score (lr=2.513305736250739e-07, epoch=21): 82.70
!!! Best dev accuracy.dev.ru-ru.score (lr=2.513305736250739e-07, epoch=21): 80.00 -> 80.33
Ep: 21, Stp: 16302/21736, usd_t=19325.88s, loss=0.001180
dev accuracy.dev.en-en.score (lr=1.2566528681253696e-07, epoch=21): 82.30
Ep: 21, Stp: 21736/21736, usd_t=19548.14s, loss=0.001186
dev accuracy.dev.en-en.score (lr=0.0, epoch=21): 82.60
